To honour the JVM settings for this build a single-use Daemon process will be forked. For more on this, please refer to https://docs.gradle.org/8.12/userguide/gradle_daemon.html#sec:disabling_the_daemon in the Gradle documentation.
Daemon will be stopped at the end of the build 
> Task :createMinecraftArtifacts UP-TO-DATE

> Task :compileJava
E:\Projects\Axiom-port\axiom-neoforge\src\main\java\com\moulberry\axiom\mixin\fluid_opacity\MixinTextureAtlas.java:6: error: package net.fabricmc.fabric.api.client.render.fluid.v1 does not exist
import net.fabricmc.fabric.api.client.render.fluid.v1.FluidRenderHandler;
                                                     ^
E:\Projects\Axiom-port\axiom-neoforge\src\main\java\com\moulberry\axiom\mixin\fluid_opacity\MixinTextureAtlas.java:7: error: package net.fabricmc.fabric.api.client.render.fluid.v1 does not exist
import net.fabricmc.fabric.api.client.render.fluid.v1.FluidRenderHandlerRegistry;
                                                     ^
E:\Projects\Axiom-port\axiom-neoforge\src\main\java\com\moulberry\axiom\annotations\ServerAnnotations.java:23: error: incompatible types: invalid method reference
   private static final Factory<ServerAnnotations> FACTORY = new Factory(ServerAnnotations::new, ServerAnnotations::read, null);
                                                                                                 ^
    incompatible types: Object cannot be converted to CompoundTag
E:\Projects\Axiom-port\axiom-neoforge\src\main\java\com\moulberry\axiom\editor\palette\EditorPalette.java:428: error: incompatible types: Object cannot be converted to String
         for (String key : (List)context.deserialize(
                           ^
E:\Projects\Axiom-port\axiom-neoforge\src\main\java\com\moulberry\axiom\AxiomServer.java:42: error: cannot find symbol
         MinecraftServer minecraftServer = event.getServer();
         ^
  symbol:   class MinecraftServer
  location: class AxiomServer
E:\Projects\Axiom-port\axiom-neoforge\src\main\java\com\moulberry\axiom\collections\Position2ObjectMap.java:73: error: incompatible types: Object[] cannot be converted to T[]
         consumer.accept(cx, cy, cz, (Object[])entry.getValue());
                                     ^
  where T is a type-variable:
    T extends Object declared in class Position2ObjectMap
E:\Projects\Axiom-port\axiom-neoforge\src\main\java\com\moulberry\axiom\blueprint\BlueprintIo.java:356: error: incompatible types: Object cannot be converted to Tag
         Tag encoded = VersionUtils.getOrThrow(blockStateCodec.encodeStart(NbtOps.INSTANCE, container));
                                              ^
E:\Projects\Axiom-port\axiom-neoforge\src\main\java\com\moulberry\axiom\blueprint\BlueprintIo.java:379: error: cannot find symbol
               blockEntitiesTag.add(tagx);
                               ^
  symbol:   method add(CompoundTag)
  location: variable blockEntitiesTag of type ObjectIterator
E:\Projects\Axiom-port\axiom-neoforge\src\main\java\com\moulberry\axiom\blueprint\BlueprintIo.java:412: error: incompatible types: @org.jetbrains.annotations.NotNull NativeImage cannot be converted to NativeImageExt
      byte[] var14 = ((NativeImageExt)thumbnail).axiom$asByteArray();
                                      ^
E:\Projects\Axiom-port\axiom-neoforge\src\main\java\com\moulberry\axiom\world_modification\BlockBuffer.java:151: error: incompatible types: Object cannot be converted to CompoundTag
         CompoundTag encoded = VersionUtils.getOrThrow(codec.encodeStart(NbtOps.INSTANCE, (PalettedContainer)entry.getValue()));
                                                      ^
E:\Projects\Axiom-port\axiom-neoforge\src\main\java\com\moulberry\axiom\custom_blocks\CustomBlockImplementation.java:122: error: incompatible types: ImmutableList<CustomBlockStateImplementation> cannot be converted to List<CustomBlockState>
      return this.stateDefinition.getPossibleStates();
                                                   ^
E:\Projects\Axiom-port\axiom-neoforge\src\main\java\com\moulberry\axiom\custom_blocks\CustomBlockStateImplementation.java:46: error: method setValue in class StateHolder<O,S> cannot be applied to given types;
      return (CustomBlockState)this.setValue(property, value);
                                   ^
  required: Property<T#1>,V
  found:    Property<T#2>,Comparable<CAP#1>
  reason: inference variable T#1 has incompatible bounds
    equality constraints: T#2
    lower bounds: V,Comparable<CAP#1>
  where T#1,V,S,T#2,O are type-variables:
    T#1 extends Comparable<T#1> declared in method <T#1,V>setValue(Property<T#1>,V)
    V extends T#1 declared in method <T#1,V>setValue(Property<T#1>,V)
    S extends Object declared in class StateHolder
    T#2 extends Comparable<T#2> declared in method <T#2>setPropertyUnsafe(Property<T#2>,Comparable<?>)
    O extends Object declared in class StateHolder
  where CAP#1 is a fresh type-variable:
    CAP#1 extends Object from capture of ?
E:\Projects\Axiom-port\axiom-neoforge\src\main\java\com\moulberry\axiom\custom_blocks\ServerCustomBlocks.java:251: error: incompatible types: Enum cannot be converted to Direction
               directionalProperties.put((Enum)value, property);
                                         ^
E:\Projects\Axiom-port\axiom-neoforge\src\main\java\com\moulberry\axiom\custom_blocks\ServerCustomBlocks.java:345: error: incompatible types: Comparable<CAP#1> cannot be converted to T
      stringBuilder.append(property.getName(comparable));
                                            ^
  where T is a type-variable:
    T extends Comparable<T> declared in method <T>appendProperty(StringBuilder,Property<T>,Comparable<?>)
  where CAP#1 is a fresh type-variable:
    CAP#1 extends Object from capture of ?
E:\Projects\Axiom-port\axiom-neoforge\src\main\java\com\moulberry\axiom\editor\EditorUI.java:1639: error: incompatible types: Window cannot be converted to WindowExt
         ((WindowExt)window).axiom$resizeFramebuffer(window.getWindow(), width[0], height[0]);
                     ^
E:\Projects\Axiom-port\axiom-neoforge\src\main\java\com\moulberry\axiom\editor\EditorUI.java:1644: error: incompatible types: Window cannot be converted to WindowExt
         ((WindowExt)window).axiom$resize(window.getWindow(), width[0], height[0]);
                     ^
E:\Projects\Axiom-port\axiom-neoforge\src\main\java\com\moulberry\axiom\editor\windows\save_world\SaveSchematicAction.java:94: error: incompatible types: HashMap<Object,Object> cannot be converted to Map<String,String>
   private static final Map<String, String> REVERSE_BLOCK_ENTITY_ID_FIX_MAP = (Map<String, String>)DataFixUtils.make(Maps.newHashMap(), hashMap -> {
                                                                                                                    ^
E:\Projects\Axiom-port\axiom-neoforge\src\main\java\com\moulberry\axiom\mask\DummyFunctionDictionary.java:12: error: cannot find symbol
      return super.hasFunction(functionName);
                  ^
  symbol: method hasFunction(String)
E:\Projects\Axiom-port\axiom-neoforge\src\main\java\com\moulberry\axiom\mixin\custom_block\MixinBlock.java:59: error: incompatible types: MixinBlock cannot be converted to Block
      return (CustomBlockState)DefaultBlocks.forBlock((Block)this);
                                                             ^
E:\Projects\Axiom-port\axiom-neoforge\src\main\java\com\moulberry\axiom\mixin\custom_block\MixinBlock.java:74: error: incompatible types: ImmutableList<BlockState> cannot be converted to List<CustomBlockState>
      return this.getStateDefinition().getPossibleStates();
                                                        ^
E:\Projects\Axiom-port\axiom-neoforge\src\main\java\com\moulberry\axiom\mixin\custom_block\MixinBlockState.java:18: error: incompatible types: MixinBlockState cannot be converted to BlockState
      return (BlockState)this;
                         ^
E:\Projects\Axiom-port\axiom-neoforge\src\main\java\com\moulberry\axiom\mixin\custom_block\MixinBlockState.java:38: error: method setValue in class StateHolder<O,S> cannot be applied to given types;
      return (CustomBlockState)this.setValue(property, value);
                                   ^
  required: Property<T#1>,V
  found:    Property<T#2>,Comparable<CAP#1>
  reason: inference variable T#1 has incompatible bounds
    equality constraints: T#2
    lower bounds: V,Comparable<CAP#1>
  where T#1,V,S,T#2,O are type-variables:
    T#1 extends Comparable<T#1> declared in method <T#1,V>setValue(Property<T#1>,V)
    V extends T#1 declared in method <T#1,V>setValue(Property<T#1>,V)
    S extends Object declared in class StateHolder
    T#2 extends Comparable<T#2> declared in method <T#2>setPropertyUnsafe(Property<T#2>,Comparable<?>)
    O extends Object declared in class StateHolder
  where CAP#1 is a fresh type-variable:
    CAP#1 extends Object from capture of ?
E:\Projects\Axiom-port\axiom-neoforge\src\main\java\com\moulberry\axiom\mixin\fluid_opacity\MixinTextureAtlas.java:70: error: cannot find symbol
            FluidRenderHandler fluidRenderHandler = FluidRenderHandlerRegistry.INSTANCE.get(fluid);
            ^
  symbol:   class FluidRenderHandler
  location: class MixinTextureAtlas
E:\Projects\Axiom-port\axiom-neoforge\src\main\java\com\moulberry\axiom\mixin\fluid_opacity\MixinTextureAtlas.java:70: error: package FluidRenderHandlerRegistry does not exist
            FluidRenderHandler fluidRenderHandler = FluidRenderHandlerRegistry.INSTANCE.get(fluid);
                                                                              ^
E:\Projects\Axiom-port\axiom-neoforge\src\main\java\com\moulberry\axiom\mixin\MixinBuiltInPackSource.java:23: error: incompatible types: MixinBuiltInPackSource cannot be converted to ClientPackSource
      if (this instanceof ClientPackSource) {
          ^
E:\Projects\Axiom-port\axiom-neoforge\src\main\java\com\moulberry\axiom\mixin\MixinClientLevel.java:40: error: incompatible types: MixinClientLevel cannot be converted to Level
      return !((Level)this).getGameRules().getBoolean(GameRules.RULE_DAYLIGHT);
                      ^
E:\Projects\Axiom-port\axiom-neoforge\src\main\java\com\moulberry\axiom\mixin\MixinClientLevel.java:48: error: incompatible types: MixinClientLevel cannot be converted to Level
      SpecialPlace.tryCollectBlockChange((Level)this, blockPos, blockState);
                                                ^
E:\Projects\Axiom-port\axiom-neoforge\src\main\java\com\moulberry\axiom\mixin\MixinCreativeModeInventoryScreen.java:130: error: incompatible types: MixinCreativeModeInventoryScreen cannot be converted to CreativeModeInventoryScreen
                  () -> Minecraft.getInstance().setScreen(new CreativeColourScreen(this.minecraft.player, (CreativeModeInventoryScreen)this))
                                                                                                                                       ^
E:\Projects\Axiom-port\axiom-neoforge\src\main\java\com\moulberry\axiom\mixin\MixinCreativeModeInventoryScreen.java:144: error: incompatible types: MixinCreativeModeInventoryScreen cannot be converted to CreativeModeInventoryScreen
                  () -> Minecraft.getInstance().setScreen(new CreativeGradientScreen(this.minecraft.player, (CreativeModeInventoryScreen)this))
                                                                                                                                         ^
E:\Projects\Axiom-port\axiom-neoforge\src\main\java\com\moulberry\axiom\mixin\MixinEntityClient.java:18: error: incompatible types: MixinEntityClient cannot be converted to LocalPlayer
      if (this instanceof LocalPlayer localPlayer && !localPlayer.isPassenger()) {
          ^
E:\Projects\Axiom-port\axiom-neoforge\src\main\java\com\moulberry\axiom\mixin\MixinEntityServer.java:19: error: incompatible types: MixinEntityServer cannot be converted to ServerPlayer
      if (this instanceof ServerPlayer serverPlayer && AxiomServer.isNoPhysicalTrigger(serverPlayer)) {
          ^
E:\Projects\Axiom-port\axiom-neoforge\src\main\java\com\moulberry\axiom\mixin\MixinFrustum.java:57: error: incompatible types: MixinFrustum cannot be converted to Frustum
            cir.setReturnValue((Frustum)this);
                                        ^
E:\Projects\Axiom-port\axiom-neoforge\src\main\java\com\moulberry\axiom\mixin\MixinFrustum.java:62: error: incompatible types: MixinFrustum cannot be converted to Frustum
      cir.setReturnValue((Frustum)this);
                                  ^
E:\Projects\Axiom-port\axiom-neoforge\src\main\java\com\moulberry\axiom\mixin\MixinKeyMapping.java:30: error: incompatible types: MixinKeyMapping cannot be converted to KeyMapping
         KeyMapping thisMapping = (KeyMapping)this;
                                              ^
E:\Projects\Axiom-port\axiom-neoforge\src\main\java\com\moulberry\axiom\mixin\MixinKeyMapping.java:79: error: incomparable types: MixinKeyMapping and KeyMapping
            if (this == options.keySprint) {
                     ^
E:\Projects\Axiom-port\axiom-neoforge\src\main\java\com\moulberry\axiom\mixin\MixinKeyMapping.java:81: error: incomparable types: MixinKeyMapping and KeyMapping
            } else if (this == options.keyUp) {
                            ^
E:\Projects\Axiom-port\axiom-neoforge\src\main\java\com\moulberry\axiom\mixin\MixinKeyMapping.java:83: error: incomparable types: MixinKeyMapping and KeyMapping
            } else if (this == options.keyLeft) {
                            ^
E:\Projects\Axiom-port\axiom-neoforge\src\main\java\com\moulberry\axiom\mixin\MixinKeyMapping.java:85: error: incomparable types: MixinKeyMapping and KeyMapping
            } else if (this == options.keyDown) {
                            ^
E:\Projects\Axiom-port\axiom-neoforge\src\main\java\com\moulberry\axiom\mixin\MixinKeyMapping.java:87: error: incomparable types: MixinKeyMapping and KeyMapping
            } else if (this == options.keyRight) {
                            ^
E:\Projects\Axiom-port\axiom-neoforge\src\main\java\com\moulberry\axiom\mixin\MixinKeyMapping.java:89: error: incomparable types: MixinKeyMapping and KeyMapping
            } else if (this == options.keyJump) {
                            ^
E:\Projects\Axiom-port\axiom-neoforge\src\main\java\com\moulberry\axiom\mixin\MixinKeyMapping.java:91: error: incomparable types: MixinKeyMapping and KeyMapping
            } else if (this == options.keyShift) {
                            ^
E:\Projects\Axiom-port\axiom-neoforge\src\main\java\com\moulberry\axiom\mixin\MixinPlayerEntity.java:46: error: incompatible types: MixinPlayerEntity cannot be converted to LocalPlayer
      return this instanceof LocalPlayer player && NoClip.canNoClip(player) ? true : (Boolean)original.call(new Object[]{instance});
             ^
E:\Projects\Axiom-port\axiom-neoforge\src\main\java\com\moulberry\axiom\mixin\MixinPlayerEntity.java:55: error: incompatible types: MixinPlayerEntity cannot be converted to LocalPlayer
      if (this instanceof LocalPlayer player && NoClip.canNoClip(player)) {
          ^
E:\Projects\Axiom-port\axiom-neoforge\src\main\java\com\moulberry\axiom\mixin\MixinPlayerEntity.java:67: error: incompatible types: MixinPlayerEntity cannot be converted to LocalPlayer
      if (this instanceof LocalPlayer player) {
          ^
E:\Projects\Axiom-port\axiom-neoforge\src\main\java\com\moulberry\axiom\mixin\MixinPlayerEntity.java:88: error: incompatible types: MixinPlayerEntity cannot be converted to LocalPlayer
      if (this instanceof LocalPlayer player) {
          ^
E:\Projects\Axiom-port\axiom-neoforge\src\main\java\com\moulberry\axiom\mixin\render\MixinRenderTarget.java:25: error: incomparable types: MixinRenderTarget and RenderTarget
      if (this == Minecraft.getInstance().getMainRenderTarget() && EditorUI.isActive() && EditorUI.frameWidth > 1 && EditorUI.frameHeight > 1) {
               ^
E:\Projects\Axiom-port\axiom-neoforge\src\main\java\com\moulberry\axiom\mixin\render\MixinRenderTarget.java:34: error: incompatible types: MixinRenderTarget cannot be converted to RenderTarget
            (RenderTarget)this, framebufferWidth, framebufferHeight, frameLeft, frameTop, frameLeft + frameWidth, frameTop + frameHeight
                          ^
E:\Projects\Axiom-port\axiom-neoforge\src\main\java\com\moulberry\axiom\mixin\special_place\MixinCocoaBlock.java:23: error: incompatible types: MixinCocoaBlock cannot be converted to CocoaBlock
         BlockState blockState = ((CocoaBlock)this).defaultBlockState();
                                              ^
E:\Projects\Axiom-port\axiom-neoforge\src\main\java\com\moulberry\axiom\mixin\special_place\MixinLadderBlock.java:26: error: incompatible types: MixinLadderBlock cannot be converted to LadderBlock
         blockState = (BlockState)((LadderBlock)this).defaultBlockState().setValue(BlockStateProperties.WATERLOGGED, fluidState.getType() == Fluids.WATER);
                                                ^
E:\Projects\Axiom-port\axiom-neoforge\src\main\java\com\moulberry\axiom\mixin\special_place\MixinLanternBlock.java:25: error: incompatible types: MixinLanternBlock cannot be converted to Block
         blockState = ((Block)this).defaultBlockState();
                              ^
E:\Projects\Axiom-port\axiom-neoforge\src\main\java\com\moulberry\axiom\mixin\tooltip\MixinItemStackExtraTooltip.java:26: error: incompatible types: BlockItemStateProperties cannot be converted to BlockItemStatePropertiesExt
         ((BlockItemStatePropertiesExt)properties).axiom$addToTooltip(consumer, Set.of());
                                       ^
E:\Projects\Axiom-port\axiom-neoforge\src\main\java\com\moulberry\axiom\mixin\world_properties\MixinServerLevel.java:118: error: incompatible types: MixinServerLevel cannot be converted to ServerLevel
      this.worldPropertiesRegistry = new ServerWorldPropertiesRegistry((ServerLevel)this);
                                                                                    ^
E:\Projects\Axiom-port\axiom-neoforge\src\main\java\com\moulberry\axiom\mixin\world_properties\MixinServerLevel.java:137: error: incompatible types: MixinServerLevel cannot be converted to ServerLevel
      ServerAnnotations.sendAll((ServerLevel)this, serverPlayer);
                                             ^
E:\Projects\Axiom-port\axiom-neoforge\src\main\java\com\moulberry\axiom\neoforge\AxiomClientBusEvents.java:15: warning: [removal] bus() in EventBusSubscriber has been deprecated and marked for removal
@EventBusSubscriber(modid = AxiomNeoForge.MOD_ID, value = Dist.CLIENT, bus = EventBusSubscriber.Bus.MOD)
                                                                       ^
E:\Projects\Axiom-port\axiom-neoforge\src\main\java\com\moulberry\axiom\neoforge\AxiomClientBusEvents.java:15: warning: [removal] Bus in EventBusSubscriber has been deprecated and marked for removal
@EventBusSubscriber(modid = AxiomNeoForge.MOD_ID, value = Dist.CLIENT, bus = EventBusSubscriber.Bus.MOD)
                                                                                               ^
E:\Projects\Axiom-port\axiom-neoforge\src\main\java\com\moulberry\axiom\operations\RebuildOperation.java:25: error: cannot find symbol
   private static final ObjectHeapPriorityQueue<RebuildOperation.QueueObject> queue = new ObjectHeapPriorityQueue(Comparator.comparingDouble(k -> k.priority));
                                                                                                                                                   ^
  symbol:   variable priority
  location: variable k of type Object
E:\Projects\Axiom-port\axiom-neoforge\src\main\java\com\moulberry\axiom\packets\AxiomClientboundCustomBlocks.java:106: error: incompatible types: Object cannot be converted to Enum<?>
                     for (Enum<?> possibleValue : possibleValues) {
                                                  ^
E:\Projects\Axiom-port\axiom-neoforge\src\main\java\com\moulberry\axiom\screen\CreateDisplayEntityScreen.java:239: error: incompatible types: Builder<Object> cannot be converted to Builder<ItemDisplayContext>
         .withInitialValue(this.itemDisplayContext);
                          ^
E:\Projects\Axiom-port\axiom-neoforge\src\main\java\com\moulberry\axiom\screen\CreateDisplayEntityScreen.java:323: error: incompatible types: Comparable<CAP#1> cannot be converted to String
            Builder<String> cycleButton = CycleButton.builder(CreateDisplayEntityScreen::stringToComponent).withInitialValue(propertyValue);
                                                                                                                             ^
  where CAP#1 is a fresh type-variable:
    CAP#1 extends Object from capture of ?
E:\Projects\Axiom-port\axiom-neoforge\src\main\java\com\moulberry\axiom\screen\CreateDisplayEntityScreen.java:354: error: incompatible types: Comparable<CAP#1> cannot be converted to Boolean
            Builder<Boolean> cycleButton = CycleButton.builder(CreateDisplayEntityScreen::booleanToComponent).withInitialValue(propertyValue);
                                                                                                                               ^
  where CAP#1 is a fresh type-variable:
    CAP#1 extends Object from capture of ?
E:\Projects\Axiom-port\axiom-neoforge\src\main\java\com\moulberry\axiom\screen\EditDisplayEntityScreen.java:172: error: incompatible types: Builder<StringRepresentable> cannot be converted to Builder<GizmoMode>
         .withInitialValue(DisplayEntityManipulator.gizmoMode);
                          ^
E:\Projects\Axiom-port\axiom-neoforge\src\main\java\com\moulberry\axiom\tools\path\PathTool.java:596: error: cannot find symbol
                           targetRegion.addBlockWithoutDirty(xx, yx, zx, blockState);
                                                                         ^
  symbol:   variable blockState
  location: class PathTool
E:\Projects\Axiom-port\axiom-neoforge\src\main\java\com\moulberry\axiom\tools\slope\SlopeTool.java:296: error: incompatible types: int[] cannot be converted to int
                  Rasterization3D.ddaSkipFrom(this.lastPosition, newPosition, (x, y, zx) -> this.apply(level, radius, height, mutableBlockPos, x, y, zx));
                                                                                                              ^
E:\Projects\Axiom-port\axiom-neoforge\src\main\java\com\moulberry\axiom\tools\stamp\StampTool.java:542: error: package result does not exist
                        return result.spacingBlacklistSet.contains(placementx.baseX(), placementx.baseZ());
                                     ^
E:\Projects\Axiom-port\axiom-neoforge\src\main\java\com\moulberry\axiom\utils\RegionHelper.java:673: error: incompatible types: Object cannot be converted to NbtTarget
                     for (RegionHelper.NbtTarget target : (List)element.getValue()) {
                                                          ^
Note: Some input files use or override a deprecated API.
Note: Recompile with -Xlint:deprecation for details.
Note: Some input files use unchecked or unsafe operations.
Note: Recompile with -Xlint:unchecked for details.
Note: Some messages have been simplified; recompile with -Xdiags:verbose to get full output
63 errors
2 warnings

> Task :compileJava FAILED

[Incubating] Problems report is available at: file:///E:/Projects/Axiom-port/axiom-neoforge/build/reports/problems/problems-report.html

FAILURE: Build failed with an exception.

* What went wrong:
Execution failed for task ':compileJava'.
> Compilation failed; see the compiler output below.
  Note: Some messages have been simplified; recompile with -Xdiags:verbose to get full outputNote: Recompile with -Xlint:deprecation for details.E:\Projects\Axiom-port\axiom-neoforge\src\main\java\com\moulberry\axiom\mixin\fluid_opacity\MixinTextureAtlas.java:6: error: package net.fabricmc.fabric.api.client.render.fluid.v1 does not exist
  import net.fabricmc.fabric.api.client.render.fluid.v1.FluidRenderHandler;
                                                       ^
  E:\Projects\Axiom-port\axiom-neoforge\src\main\java\com\moulberry\axiom\mixin\fluid_opacity\MixinTextureAtlas.java:7: error: package net.fabricmc.fabric.api.client.render.fluid.v1 does not exist
  import net.fabricmc.fabric.api.client.render.fluid.v1.FluidRenderHandlerRegistry;
                                                       ^
  E:\Projects\Axiom-port\axiom-neoforge\src\main\java\com\moulberry\axiom\mixin\fluid_opacity\MixinTextureAtlas.java:70: error: package FluidRenderHandlerRegistry does not exist
              FluidRenderHandler fluidRenderHandler = FluidRenderHandlerRegistry.INSTANCE.get(fluid);
                                                                                ^
  E:\Projects\Axiom-port\axiom-neoforge\src\main\java\com\moulberry\axiom\tools\stamp\StampTool.java:542: error: package result does not exist
                          return result.spacingBlacklistSet.contains(placementx.baseX(), placementx.baseZ());
                                       ^E:\Projects\Axiom-port\axiom-neoforge\src\main\java\com\moulberry\axiom\mixin\MixinKeyMapping.java:79: error: incomparable types: MixinKeyMapping and KeyMapping
              if (this == options.keySprint) {
                       ^
  E:\Projects\Axiom-port\axiom-neoforge\src\main\java\com\moulberry\axiom\mixin\MixinKeyMapping.java:81: error: incomparable types: MixinKeyMapping and KeyMapping
              } else if (this == options.keyUp) {
                              ^
  E:\Projects\Axiom-port\axiom-neoforge\src\main\java\com\moulberry\axiom\mixin\MixinKeyMapping.java:83: error: incomparable types: MixinKeyMapping and KeyMapping
              } else if (this == options.keyLeft) {
                              ^
  E:\Projects\Axiom-port\axiom-neoforge\src\main\java\com\moulberry\axiom\mixin\MixinKeyMapping.java:85: error: incomparable types: MixinKeyMapping and KeyMapping
              } else if (this == options.keyDown) {
                              ^
  E:\Projects\Axiom-port\axiom-neoforge\src\main\java\com\moulberry\axiom\mixin\MixinKeyMapping.java:87: error: incomparable types: MixinKeyMapping and KeyMapping
              } else if (this == options.keyRight) {
                              ^
  E:\Projects\Axiom-port\axiom-neoforge\src\main\java\com\moulberry\axiom\mixin\MixinKeyMapping.java:89: error: incomparable types: MixinKeyMapping and KeyMapping
              } else if (this == options.keyJump) {
                              ^
  E:\Projects\Axiom-port\axiom-neoforge\src\main\java\com\moulberry\axiom\mixin\MixinKeyMapping.java:91: error: incomparable types: MixinKeyMapping and KeyMapping
              } else if (this == options.keyShift) {
                              ^
  E:\Projects\Axiom-port\axiom-neoforge\src\main\java\com\moulberry\axiom\mixin\render\MixinRenderTarget.java:25: error: incomparable types: MixinRenderTarget and RenderTarget
        if (this == Minecraft.getInstance().getMainRenderTarget() && EditorUI.isActive() && EditorUI.frameWidth > 1 && EditorUI.frameHeight > 1) {
                 ^E:\Projects\Axiom-port\axiom-neoforge\src\main\java\com\moulberry\axiom\custom_blocks\CustomBlockStateImplementation.java:46: error: method setValue in class StateHolder<O,S> cannot be applied to given types;
        return (CustomBlockState)this.setValue(property, value);
                                     ^
    required: Property<T#1>,V
    found:    Property<T#2>,Comparable<CAP#1>
    reason: inference variable T#1 has incompatible bounds
      equality constraints: T#2
      lower bounds: V,Comparable<CAP#1>
    where T#1,V,S,T#2,O are type-variables:
      T#1 extends Comparable<T#1> declared in method <T#1,V>setValue(Property<T#1>,V)
      V extends T#1 declared in method <T#1,V>setValue(Property<T#1>,V)
      S extends Object declared in class StateHolder
      T#2 extends Comparable<T#2> declared in method <T#2>setPropertyUnsafe(Property<T#2>,Comparable<?>)
      O extends Object declared in class StateHolder
    where CAP#1 is a fresh type-variable:
      CAP#1 extends Object from capture of ?
  E:\Projects\Axiom-port\axiom-neoforge\src\main\java\com\moulberry\axiom\mixin\custom_block\MixinBlockState.java:38: error: method setValue in class StateHolder<O,S> cannot be applied to given types;
        return (CustomBlockState)this.setValue(property, value);
                                     ^
    required: Property<T#1>,V
    found:    Property<T#2>,Comparable<CAP#1>
    reason: inference variable T#1 has incompatible bounds
      equality constraints: T#2
      lower bounds: V,Comparable<CAP#1>
    where T#1,V,S,T#2,O are type-variables:
      T#1 extends Comparable<T#1> declared in method <T#1,V>setValue(Property<T#1>,V)
      V extends T#1 declared in method <T#1,V>setValue(Property<T#1>,V)
      S extends Object declared in class StateHolder
      T#2 extends Comparable<T#2> declared in method <T#2>setPropertyUnsafe(Property<T#2>,Comparable<?>)
      O extends Object declared in class StateHolder
    where CAP#1 is a fresh type-variable:
      CAP#1 extends Object from capture of ?Note: Recompile with -Xlint:unchecked for details.E:\Projects\Axiom-port\axiom-neoforge\src\main\java\com\moulberry\axiom\AxiomServer.java:42: error: cannot find symbol
           MinecraftServer minecraftServer = event.getServer();
           ^
    symbol:   class MinecraftServer
    location: class AxiomServer
  E:\Projects\Axiom-port\axiom-neoforge\src\main\java\com\moulberry\axiom\mixin\fluid_opacity\MixinTextureAtlas.java:70: error: cannot find symbol
              FluidRenderHandler fluidRenderHandler = FluidRenderHandlerRegistry.INSTANCE.get(fluid);
              ^
    symbol:   class FluidRenderHandler
    location: class MixinTextureAtlas
  E:\Projects\Axiom-port\axiom-neoforge\src\main\java\com\moulberry\axiom\operations\RebuildOperation.java:25: error: cannot find symbol
     private static final ObjectHeapPriorityQueue<RebuildOperation.QueueObject> queue = new ObjectHeapPriorityQueue(Comparator.comparingDouble(k -> k.priority));
                                                                                                                                                     ^
    symbol:   variable priority
    location: variable k of type Object
  E:\Projects\Axiom-port\axiom-neoforge\src\main\java\com\moulberry\axiom\tools\path\PathTool.java:596: error: cannot find symbol
                             targetRegion.addBlockWithoutDirty(xx, yx, zx, blockState);
                                                                           ^
    symbol:   variable blockState
    location: class PathToolNote: Some input files use unchecked or unsafe operations.E:\Projects\Axiom-port\axiom-neoforge\src\main\java\com\moulberry\axiom\blueprint\BlueprintIo.java:379: error: cannot find symbol
                 blockEntitiesTag.add(tagx);
                                 ^
    symbol:   method add(CompoundTag)
    location: variable blockEntitiesTag of type ObjectIteratorE:\Projects\Axiom-port\axiom-neoforge\src\main\java\com\moulberry\axiom\annotations\ServerAnnotations.java:23: error: incompatible types: invalid method reference
     private static final Factory<ServerAnnotations> FACTORY = new Factory(ServerAnnotations::new, ServerAnnotations::read, null);
                                                                                                   ^
      incompatible types: Object cannot be converted to CompoundTag
  E:\Projects\Axiom-port\axiom-neoforge\src\main\java\com\moulberry\axiom\editor\palette\EditorPalette.java:428: error: incompatible types: Object cannot be converted to String
           for (String key : (List)context.deserialize(
                             ^
  E:\Projects\Axiom-port\axiom-neoforge\src\main\java\com\moulberry\axiom\collections\Position2ObjectMap.java:73: error: incompatible types: Object[] cannot be converted to T[]
           consumer.accept(cx, cy, cz, (Object[])entry.getValue());
                                       ^
    where T is a type-variable:
      T extends Object declared in class Position2ObjectMap
  E:\Projects\Axiom-port\axiom-neoforge\src\main\java\com\moulberry\axiom\blueprint\BlueprintIo.java:356: error: incompatible types: Object cannot be converted to Tag
           Tag encoded = VersionUtils.getOrThrow(blockStateCodec.encodeStart(NbtOps.INSTANCE, container));
                                                ^
  E:\Projects\Axiom-port\axiom-neoforge\src\main\java\com\moulberry\axiom\blueprint\BlueprintIo.java:412: error: incompatible types: @org.jetbrains.annotations.NotNull NativeImage cannot be converted to NativeImageExt
        byte[] var14 = ((NativeImageExt)thumbnail).axiom$asByteArray();
                                        ^
  E:\Projects\Axiom-port\axiom-neoforge\src\main\java\com\moulberry\axiom\world_modification\BlockBuffer.java:151: error: incompatible types: Object cannot be converted to CompoundTag
           CompoundTag encoded = VersionUtils.getOrThrow(codec.encodeStart(NbtOps.INSTANCE, (PalettedContainer)entry.getValue()));
                                                        ^
  E:\Projects\Axiom-port\axiom-neoforge\src\main\java\com\moulberry\axiom\custom_blocks\CustomBlockImplementation.java:122: error: incompatible types: ImmutableList<CustomBlockStateImplementation> cannot be converted to List<CustomBlockState>
        return this.stateDefinition.getPossibleStates();
                                                     ^
  E:\Projects\Axiom-port\axiom-neoforge\src\main\java\com\moulberry\axiom\custom_blocks\ServerCustomBlocks.java:251: error: incompatible types: Enum cannot be converted to Direction
                 directionalProperties.put((Enum)value, property);
                                           ^
  E:\Projects\Axiom-port\axiom-neoforge\src\main\java\com\moulberry\axiom\custom_blocks\ServerCustomBlocks.java:345: error: incompatible types: Comparable<CAP#1> cannot be converted to T
        stringBuilder.append(property.getName(comparable));
                                              ^
    where T is a type-variable:
      T extends Comparable<T> declared in method <T>appendProperty(StringBuilder,Property<T>,Comparable<?>)
    where CAP#1 is a fresh type-variable:
      CAP#1 extends Object from capture of ?
  E:\Projects\Axiom-port\axiom-neoforge\src\main\java\com\moulberry\axiom\editor\EditorUI.java:1639: error: incompatible types: Window cannot be converted to WindowExt
           ((WindowExt)window).axiom$resizeFramebuffer(window.getWindow(), width[0], height[0]);
                       ^
  E:\Projects\Axiom-port\axiom-neoforge\src\main\java\com\moulberry\axiom\editor\EditorUI.java:1644: error: incompatible types: Window cannot be converted to WindowExt
           ((WindowExt)window).axiom$resize(window.getWindow(), width[0], height[0]);
                       ^
  E:\Projects\Axiom-port\axiom-neoforge\src\main\java\com\moulberry\axiom\editor\windows\save_world\SaveSchematicAction.java:94: error: incompatible types: HashMap<Object,Object> cannot be converted to Map<String,String>
     private static final Map<String, String> REVERSE_BLOCK_ENTITY_ID_FIX_MAP = (Map<String, String>)DataFixUtils.make(Maps.newHashMap(), hashMap -> {
                                                                                                                      ^
  E:\Projects\Axiom-port\axiom-neoforge\src\main\java\com\moulberry\axiom\mixin\custom_block\MixinBlock.java:59: error: incompatible types: MixinBlock cannot be converted to Block
        return (CustomBlockState)DefaultBlocks.forBlock((Block)this);
                                                               ^
  E:\Projects\Axiom-port\axiom-neoforge\src\main\java\com\moulberry\axiom\mixin\custom_block\MixinBlock.java:74: error: incompatible types: ImmutableList<BlockState> cannot be converted to List<CustomBlockState>
        return this.getStateDefinition().getPossibleStates();
                                                          ^
  E:\Projects\Axiom-port\axiom-neoforge\src\main\java\com\moulberry\axiom\mixin\custom_block\MixinBlockState.java:18: error: incompatible types: MixinBlockState cannot be converted to BlockState
        return (BlockState)this;
                           ^
  E:\Projects\Axiom-port\axiom-neoforge\src\main\java\com\moulberry\axiom\mixin\MixinBuiltInPackSource.java:23: error: incompatible types: MixinBuiltInPackSource cannot be converted to ClientPackSource
        if (this instanceof ClientPackSource) {
            ^
  E:\Projects\Axiom-port\axiom-neoforge\src\main\java\com\moulberry\axiom\mixin\MixinClientLevel.java:40: error: incompatible types: MixinClientLevel cannot be converted to Level
        return !((Level)this).getGameRules().getBoolean(GameRules.RULE_DAYLIGHT);
                        ^
  E:\Projects\Axiom-port\axiom-neoforge\src\main\java\com\moulberry\axiom\mixin\MixinClientLevel.java:48: error: incompatible types: MixinClientLevel cannot be converted to Level
        SpecialPlace.tryCollectBlockChange((Level)this, blockPos, blockState);
                                                  ^
  E:\Projects\Axiom-port\axiom-neoforge\src\main\java\com\moulberry\axiom\mixin\MixinCreativeModeInventoryScreen.java:130: error: incompatible types: MixinCreativeModeInventoryScreen cannot be converted to CreativeModeInventoryScreen
                    () -> Minecraft.getInstance().setScreen(new CreativeColourScreen(this.minecraft.player, (CreativeModeInventoryScreen)this))
                                                                                                                                         ^
  E:\Projects\Axiom-port\axiom-neoforge\src\main\java\com\moulberry\axiom\mixin\MixinCreativeModeInventoryScreen.java:144: error: incompatible types: MixinCreativeModeInventoryScreen cannot be converted to CreativeModeInventoryScreen
                    () -> Minecraft.getInstance().setScreen(new CreativeGradientScreen(this.minecraft.player, (CreativeModeInventoryScreen)this))
                                                                                                                                           ^
  E:\Projects\Axiom-port\axiom-neoforge\src\main\java\com\moulberry\axiom\mixin\MixinEntityClient.java:18: error: incompatible types: MixinEntityClient cannot be converted to LocalPlayer
        if (this instanceof LocalPlayer localPlayer && !localPlayer.isPassenger()) {
            ^
  E:\Projects\Axiom-port\axiom-neoforge\src\main\java\com\moulberry\axiom\mixin\MixinEntityServer.java:19: error: incompatible types: MixinEntityServer cannot be converted to ServerPlayer
        if (this instanceof ServerPlayer serverPlayer && AxiomServer.isNoPhysicalTrigger(serverPlayer)) {
            ^
  E:\Projects\Axiom-port\axiom-neoforge\src\main\java\com\moulberry\axiom\mixin\MixinFrustum.java:57: error: incompatible types: MixinFrustum cannot be converted to Frustum
              cir.setReturnValue((Frustum)this);
                                          ^
  E:\Projects\Axiom-port\axiom-neoforge\src\main\java\com\moulberry\axiom\mixin\MixinFrustum.java:62: error: incompatible types: MixinFrustum cannot be converted to Frustum
        cir.setReturnValue((Frustum)this);
                                    ^
  E:\Projects\Axiom-port\axiom-neoforge\src\main\java\com\moulberry\axiom\mixin\MixinKeyMapping.java:30: error: incompatible types: MixinKeyMapping cannot be converted to KeyMapping
           KeyMapping thisMapping = (KeyMapping)this;
                                                ^
  E:\Projects\Axiom-port\axiom-neoforge\src\main\java\com\moulberry\axiom\mixin\MixinPlayerEntity.java:46: error: incompatible types: MixinPlayerEntity cannot be converted to LocalPlayer
        return this instanceof LocalPlayer player && NoClip.canNoClip(player) ? true : (Boolean)original.call(new Object[]{instance});
               ^
  E:\Projects\Axiom-port\axiom-neoforge\src\main\java\com\moulberry\axiom\mixin\MixinPlayerEntity.java:55: error: incompatible types: MixinPlayerEntity cannot be converted to LocalPlayer
        if (this instanceof LocalPlayer player && NoClip.canNoClip(player)) {
            ^
  E:\Projects\Axiom-port\axiom-neoforge\src\main\java\com\moulberry\axiom\mixin\MixinPlayerEntity.java:67: error: incompatible types: MixinPlayerEntity cannot be converted to LocalPlayer
        if (this instanceof LocalPlayer player) {
            ^
  E:\Projects\Axiom-port\axiom-neoforge\src\main\java\com\moulberry\axiom\mixin\MixinPlayerEntity.java:88: error: incompatible types: MixinPlayerEntity cannot be converted to LocalPlayer
        if (this instanceof LocalPlayer player) {
            ^
  E:\Projects\Axiom-port\axiom-neoforge\src\main\java\com\moulberry\axiom\mixin\render\MixinRenderTarget.java:34: error: incompatible types: MixinRenderTarget cannot be converted to RenderTarget
              (RenderTarget)this, framebufferWidth, framebufferHeight, frameLeft, frameTop, frameLeft + frameWidth, frameTop + frameHeight
                            ^
  E:\Projects\Axiom-port\axiom-neoforge\src\main\java\com\moulberry\axiom\mixin\special_place\MixinCocoaBlock.java:23: error: incompatible types: MixinCocoaBlock cannot be converted to CocoaBlock
           BlockState blockState = ((CocoaBlock)this).defaultBlockState();
                                                ^
  E:\Projects\Axiom-port\axiom-neoforge\src\main\java\com\moulberry\axiom\mixin\special_place\MixinLadderBlock.java:26: error: incompatible types: MixinLadderBlock cannot be converted to LadderBlock
           blockState = (BlockState)((LadderBlock)this).defaultBlockState().setValue(BlockStateProperties.WATERLOGGED, fluidState.getType() == Fluids.WATER);
                                                  ^
  E:\Projects\Axiom-port\axiom-neoforge\src\main\java\com\moulberry\axiom\mixin\special_place\MixinLanternBlock.java:25: error: incompatible types: MixinLanternBlock cannot be converted to Block
           blockState = ((Block)this).defaultBlockState();
                                ^
  E:\Projects\Axiom-port\axiom-neoforge\src\main\java\com\moulberry\axiom\mixin\tooltip\MixinItemStackExtraTooltip.java:26: error: incompatible types: BlockItemStateProperties cannot be converted to BlockItemStatePropertiesExt
           ((BlockItemStatePropertiesExt)properties).axiom$addToTooltip(consumer, Set.of());
                                         ^
  E:\Projects\Axiom-port\axiom-neoforge\src\main\java\com\moulberry\axiom\mixin\world_properties\MixinServerLevel.java:118: error: incompatible types: MixinServerLevel cannot be converted to ServerLevel
        this.worldPropertiesRegistry = new ServerWorldPropertiesRegistry((ServerLevel)this);
                                                                                      ^
  E:\Projects\Axiom-port\axiom-neoforge\src\main\java\com\moulberry\axiom\mixin\world_properties\MixinServerLevel.java:137: error: incompatible types: MixinServerLevel cannot be converted to ServerLevel
        ServerAnnotations.sendAll((ServerLevel)this, serverPlayer);
                                               ^
  E:\Projects\Axiom-port\axiom-neoforge\src\main\java\com\moulberry\axiom\packets\AxiomClientboundCustomBlocks.java:106: error: incompatible types: Object cannot be converted to Enum<?>
                       for (Enum<?> possibleValue : possibleValues) {
                                                    ^
  E:\Projects\Axiom-port\axiom-neoforge\src\main\java\com\moulberry\axiom\screen\CreateDisplayEntityScreen.java:239: error: incompatible types: Builder<Object> cannot be converted to Builder<ItemDisplayContext>
           .withInitialValue(this.itemDisplayContext);
                            ^
  E:\Projects\Axiom-port\axiom-neoforge\src\main\java\com\moulberry\axiom\screen\CreateDisplayEntityScreen.java:323: error: incompatible types: Comparable<CAP#1> cannot be converted to String
              Builder<String> cycleButton = CycleButton.builder(CreateDisplayEntityScreen::stringToComponent).withInitialValue(propertyValue);
                                                                                                                               ^
    where CAP#1 is a fresh type-variable:
      CAP#1 extends Object from capture of ?
  E:\Projects\Axiom-port\axiom-neoforge\src\main\java\com\moulberry\axiom\screen\CreateDisplayEntityScreen.java:354: error: incompatible types: Comparable<CAP#1> cannot be converted to Boolean
              Builder<Boolean> cycleButton = CycleButton.builder(CreateDisplayEntityScreen::booleanToComponent).withInitialValue(propertyValue);
                                                                                                                                 ^
    where CAP#1 is a fresh type-variable:
      CAP#1 extends Object from capture of ?
  E:\Projects\Axiom-port\axiom-neoforge\src\main\java\com\moulberry\axiom\screen\EditDisplayEntityScreen.java:172: error: incompatible types: Builder<StringRepresentable> cannot be converted to Builder<GizmoMode>
           .withInitialValue(DisplayEntityManipulator.gizmoMode);
                            ^
  E:\Projects\Axiom-port\axiom-neoforge\src\main\java\com\moulberry\axiom\tools\slope\SlopeTool.java:296: error: incompatible types: int[] cannot be converted to int
                    Rasterization3D.ddaSkipFrom(this.lastPosition, newPosition, (x, y, zx) -> this.apply(level, radius, height, mutableBlockPos, x, y, zx));
                                                                                                                ^
  E:\Projects\Axiom-port\axiom-neoforge\src\main\java\com\moulberry\axiom\utils\RegionHelper.java:673: error: incompatible types: Object cannot be converted to NbtTarget
                       for (RegionHelper.NbtTarget target : (List)element.getValue()) {
                                                            ^E:\Projects\Axiom-port\axiom-neoforge\src\main\java\com\moulberry\axiom\neoforge\AxiomClientBusEvents.java:15: warning: [removal] bus() in EventBusSubscriber has been deprecated and marked for removal
  @EventBusSubscriber(modid = AxiomNeoForge.MOD_ID, value = Dist.CLIENT, bus = EventBusSubscriber.Bus.MOD)
                                                                         ^
  E:\Projects\Axiom-port\axiom-neoforge\src\main\java\com\moulberry\axiom\neoforge\AxiomClientBusEvents.java:15: warning: [removal] Bus in EventBusSubscriber has been deprecated and marked for removal
  @EventBusSubscriber(modid = AxiomNeoForge.MOD_ID, value = Dist.CLIENT, bus = EventBusSubscriber.Bus.MOD)
                                                                                                 ^E:\Projects\Axiom-port\axiom-neoforge\src\main\java\com\moulberry\axiom\mask\DummyFunctionDictionary.java:12: error: cannot find symbol
        return super.hasFunction(functionName);
                    ^
    symbol: method hasFunction(String)Note: Some input files use or override a deprecated API.
  63 errors
  2 warnings

* Try:
> Check your code and dependencies to fix the compilation error(s)
> Run with --scan to get full insights.

BUILD FAILED in 15s
2 actionable tasks: 1 executed, 1 up-to-date
