To honour the JVM settings for this build a single-use Daemon process will be forked. For more on this, please refer to https://docs.gradle.org/8.12/userguide/gradle_daemon.html#sec:disabling_the_daemon in the Gradle documentation.
Daemon will be stopped at the end of the build 
> Task :createMinecraftArtifacts UP-TO-DATE

> Task :compileJava
E:\Projects\Axiom-port\axiom-neoforge\src\main\java\com\moulberry\axiom\AxiomClient.java:10: error: package com.replaymod.replay does not exist
import com.replaymod.replay.ReplayModReplay;
                           ^
E:\Projects\Axiom-port\axiom-neoforge\src\main\java\com\moulberry\axiom\AxiomServer.java:20: error: package net.fabricmc.fabric.api.entity.event.v1 does not exist
import net.fabricmc.fabric.api.entity.event.v1.ServerEntityWorldChangeEvents;
                                              ^
E:\Projects\Axiom-port\axiom-neoforge\src\main\java\com\moulberry\axiom\AxiomServer.java:21: error: package net.fabricmc.fabric.api.entity.event.v1.ServerEntityWorldChangeEvents does not exist
import net.fabricmc.fabric.api.entity.event.v1.ServerEntityWorldChangeEvents.AfterPlayerChange;
                                                                            ^
E:\Projects\Axiom-port\axiom-neoforge\src\main\java\com\moulberry\axiom\AxiomServer.java:22: error: package net.fabricmc.fabric.api.event.lifecycle.v1 does not exist
import net.fabricmc.fabric.api.event.lifecycle.v1.ServerTickEvents;
                                                 ^
E:\Projects\Axiom-port\axiom-neoforge\src\main\java\com\moulberry\axiom\AxiomServer.java:23: error: package net.fabricmc.fabric.api.event.lifecycle.v1.ServerTickEvents does not exist
import net.fabricmc.fabric.api.event.lifecycle.v1.ServerTickEvents.EndTick;
                                                                  ^
E:\Projects\Axiom-port\axiom-neoforge\src\main\java\com\moulberry\axiom\render\regions\ChunkedBlockRegion.java:53: error: package net.fabricmc.fabric.api.blockview.v2 does not exist
import net.fabricmc.fabric.api.blockview.v2.FabricBlockView;
                                           ^
E:\Projects\Axiom-port\axiom-neoforge\src\main\java\com\moulberry\axiom\render\regions\ChunkedBlockRegion.java:54: error: package net.fabricmc.fabric.api.rendering.data.v1 does not exist
import net.fabricmc.fabric.api.rendering.data.v1.RenderAttachedBlockView;
                                                ^
E:\Projects\Axiom-port\axiom-neoforge\src\main\java\com\moulberry\axiom\render\regions\ChunkedBlockRegion.java:121: error: cannot find symbol
public class ChunkedBlockRegion implements FabricBlockView, BlockAndTintGetter, LevelAccessor, BlockRegion, RenderAttachedBlockView {
                                           ^
  symbol: class FabricBlockView
E:\Projects\Axiom-port\axiom-neoforge\src\main\java\com\moulberry\axiom\render\regions\ChunkedBlockRegion.java:121: error: cannot find symbol
public class ChunkedBlockRegion implements FabricBlockView, BlockAndTintGetter, LevelAccessor, BlockRegion, RenderAttachedBlockView {
                                                                                                            ^
  symbol: class RenderAttachedBlockView
E:\Projects\Axiom-port\axiom-neoforge\src\main\java\com\moulberry\axiom\render\ChunkRenderOverrider.java:41: error: package net.fabricmc.fabric.api.blockview.v2 does not exist
import net.fabricmc.fabric.api.blockview.v2.FabricBlockView;
                                           ^
E:\Projects\Axiom-port\axiom-neoforge\src\main\java\com\moulberry\axiom\render\ChunkRenderOverrider.java:42: error: package net.fabricmc.fabric.api.rendering.data.v1 does not exist
import net.fabricmc.fabric.api.rendering.data.v1.RenderAttachedBlockView;
                                                ^
E:\Projects\Axiom-port\axiom-neoforge\src\main\java\com\moulberry\axiom\capabilities\Bulldozer.java:3: error: package com.moulberry.axiom.mixin does not exist
import com.moulberry.axiom.mixin.MultiPlayerGameModeAccessor;
                                ^
E:\Projects\Axiom-port\axiom-neoforge\src\main\java\com\moulberry\axiom\editor\BlockList.java:10: error: package com.moulberry.axiom.datagen does not exist
import com.moulberry.axiom.datagen.MaterialBlockTagGenerator;
                                  ^
E:\Projects\Axiom-port\axiom-neoforge\src\main\java\com\moulberry\axiom\editor\BlockList.java:26: error: package net.fabricmc.fabric.api.event.lifecycle.v1 does not exist
import net.fabricmc.fabric.api.event.lifecycle.v1.CommonLifecycleEvents;
                                                 ^
E:\Projects\Axiom-port\axiom-neoforge\src\main\java\com\moulberry\axiom\editor\BlockList.java:27: error: package net.fabricmc.fabric.api.event.lifecycle.v1.CommonLifecycleEvents does not exist
import net.fabricmc.fabric.api.event.lifecycle.v1.CommonLifecycleEvents.TagsLoaded;
                                                                       ^
E:\Projects\Axiom-port\axiom-neoforge\src\main\java\com\moulberry\axiom\editor\BlockList.java:28: error: package net.fabricmc.fabric.api.tag.client.v1 does not exist
import net.fabricmc.fabric.api.tag.client.v1.ClientTags;
                                            ^
E:\Projects\Axiom-port\axiom-neoforge\src\main\java\com\moulberry\axiom\displayentity\DisplayEntityHelper.java:7: error: package com.moulberry.axiom.mixin does not exist
import com.moulberry.axiom.mixin.DisplayAccessor;
                                ^
E:\Projects\Axiom-port\axiom-neoforge\src\main\java\com\moulberry\axiom\displayentity\ItemList.java:20: error: package net.fabricmc.fabric.api.event.lifecycle.v1 does not exist
import net.fabricmc.fabric.api.event.lifecycle.v1.CommonLifecycleEvents;
                                                 ^
E:\Projects\Axiom-port\axiom-neoforge\src\main\java\com\moulberry\axiom\displayentity\ItemList.java:21: error: package net.fabricmc.fabric.api.event.lifecycle.v1.CommonLifecycleEvents does not exist
import net.fabricmc.fabric.api.event.lifecycle.v1.CommonLifecycleEvents.TagsLoaded;
                                                                       ^
E:\Projects\Axiom-port\axiom-neoforge\src\main\java\com\moulberry\axiom\mask\CmdStringConverter.java:43: error: package net.fabricmc.fabric.api.tag.client.v1 does not exist
import net.fabricmc.fabric.api.tag.client.v1.ClientTags;
                                            ^
E:\Projects\Axiom-port\axiom-neoforge\src\main\java\com\moulberry\axiom\mixinplugin\AxiomMixinPlugin.java:6: error: package com.moulberry.mixinconstraints does not exist
import com.moulberry.mixinconstraints.MixinConstraints;
                                     ^
E:\Projects\Axiom-port\axiom-neoforge\src\main\java\com\moulberry\axiom\mixinplugin\AxiomMixinPlugin.java:7: error: package com.moulberry.mixinconstraints.mixin does not exist
import com.moulberry.mixinconstraints.mixin.MixinConstraintsBootstrap;
                                           ^
E:\Projects\Axiom-port\axiom-neoforge\src\main\java\com\moulberry\axiom\packets\AxiomServerboundSetBlock.java:13: error: package net.fabricmc.fabric.api.event.player does not exist
import net.fabricmc.fabric.api.event.player.AttackBlockCallback;
                                           ^
E:\Projects\Axiom-port\axiom-neoforge\src\main\java\com\moulberry\axiom\packets\AxiomServerboundSetBlock.java:14: error: package net.fabricmc.fabric.api.event.player does not exist
import net.fabricmc.fabric.api.event.player.PlayerBlockBreakEvents;
                                           ^
E:\Projects\Axiom-port\axiom-neoforge\src\main\java\com\moulberry\axiom\packets\AxiomServerboundSetBlock.java:15: error: package net.fabricmc.fabric.api.event.player does not exist
import net.fabricmc.fabric.api.event.player.UseBlockCallback;
                                           ^
E:\Projects\Axiom-port\axiom-neoforge\src\main\java\com\moulberry\axiom\packets\AxiomServerboundSetBlock.java:16: error: package net.fabricmc.fabric.api.event.player.PlayerBlockBreakEvents does not exist
import net.fabricmc.fabric.api.event.player.PlayerBlockBreakEvents.Before;
                                                                  ^
E:\Projects\Axiom-port\axiom-neoforge\src\main\java\com\moulberry\axiom\render\ChunkRenderOverrider.java:694: error: cannot find symbol
   private static final class MappedBlockAndTintGetter implements FabricBlockView, BlockAndTintGetter, RenderAttachedBlockView {
                                                                  ^
  symbol:   class FabricBlockView
  location: class ChunkRenderOverrider
E:\Projects\Axiom-port\axiom-neoforge\src\main\java\com\moulberry\axiom\render\ChunkRenderOverrider.java:694: error: cannot find symbol
   private static final class MappedBlockAndTintGetter implements FabricBlockView, BlockAndTintGetter, RenderAttachedBlockView {
                                                                                                       ^
  symbol:   class RenderAttachedBlockView
  location: class ChunkRenderOverrider
E:\Projects\Axiom-port\axiom-neoforge\src\main\java\com\moulberry\axiom\render\ShaderManager.java:17: error: package net.fabricmc.fabric.api.client.rendering.v1 does not exist
import net.fabricmc.fabric.api.client.rendering.v1.CoreShaderRegistrationCallback;
                                                  ^
E:\Projects\Axiom-port\axiom-neoforge\src\main\java\com\moulberry\axiom\render\ShaderManager.java:18: error: package net.fabricmc.fabric.api.resource does not exist
import net.fabricmc.fabric.api.resource.SimpleSynchronousResourceReloadListener;
                                       ^
E:\Projects\Axiom-port\axiom-neoforge\src\main\java\com\moulberry\axiom\render\ShaderManager.java:26: error: cannot find symbol
public class ShaderManager implements SimpleSynchronousResourceReloadListener {
                                      ^
  symbol: class SimpleSynchronousResourceReloadListener
E:\Projects\Axiom-port\axiom-neoforge\src\main\java\com\moulberry\axiom\utils\EmptyBlockAndTintGetter.java:3: error: package net.fabricmc.fabric.api.blockview.v2 does not exist
import net.fabricmc.fabric.api.blockview.v2.FabricBlockView;
                                           ^
E:\Projects\Axiom-port\axiom-neoforge\src\main\java\com\moulberry\axiom\utils\EmptyBlockAndTintGetter.java:21: error: cannot find symbol
public enum EmptyBlockAndTintGetter implements FabricBlockView, BlockAndTintGetter {
                                               ^
  symbol: class FabricBlockView
E:\Projects\Axiom-port\axiom-neoforge\src\main\java\com\moulberry\axiom\utils\PreLaunch.java:3: error: package net.fabricmc.loader.api.entrypoint does not exist
import net.fabricmc.loader.api.entrypoint.PreLaunchEntrypoint;
                                         ^
E:\Projects\Axiom-port\axiom-neoforge\src\main\java\com\moulberry\axiom\utils\PreLaunch.java:7: error: cannot find symbol
public class PreLaunch implements PreLaunchEntrypoint {
                                  ^
  symbol: class PreLaunchEntrypoint
E:\Projects\Axiom-port\axiom-neoforge\src\main\java\com\moulberry\axiom\utils\StarlightHelper.java:3: error: package ca.spottedleaf.starlight.common.light does not exist
import ca.spottedleaf.starlight.common.light.StarLightLightingProvider;
                                            ^
E:\Projects\Axiom-port\axiom-neoforge\src\main\java\com\moulberry\axiom\annotations\ServerAnnotations.java:23: error: incompatible types: invalid method reference
   private static final Factory<ServerAnnotations> FACTORY = new Factory(ServerAnnotations::new, ServerAnnotations::read, null);
                                                                                                 ^
    incompatible types: Object cannot be converted to CompoundTag
E:\Projects\Axiom-port\axiom-neoforge\src\main\java\com\moulberry\axiom\Axiom.java:198: error: incompatible types: ShaderManager cannot be converted to PreparableReloadListener
      event.registerReloadListener(ShaderManager.INSTANCE);
                                                ^
E:\Projects\Axiom-port\axiom-neoforge\src\main\java\com\moulberry\axiom\editor\palette\EditorPalette.java:428: error: incompatible types: Object cannot be converted to String
         for (String key : (List)context.deserialize(
                           ^
E:\Projects\Axiom-port\axiom-neoforge\src\main\java\com\moulberry\axiom\AxiomClient.java:43: error: package ReplayModReplay does not exist
         if (AxiomPlatform.isModLoaded("replaymod") && ReplayModReplay.instance.getReplayHandler() != null) {
                                                                      ^
E:\Projects\Axiom-port\axiom-neoforge\src\main\java\com\moulberry\axiom\AxiomServer.java:41: error: cannot find symbol
      ServerTickEvents.END_SERVER_TICK.register((EndTick)minecraftServer -> {
                                                 ^
  symbol:   class EndTick
  location: class AxiomServer
E:\Projects\Axiom-port\axiom-neoforge\src\main\java\com\moulberry\axiom\AxiomServer.java:41: error: package ServerTickEvents does not exist
      ServerTickEvents.END_SERVER_TICK.register((EndTick)minecraftServer -> {
                      ^
E:\Projects\Axiom-port\axiom-neoforge\src\main\java\com\moulberry\axiom\AxiomServer.java:70: error: cannot find symbol
      ServerEntityWorldChangeEvents.AFTER_PLAYER_CHANGE_WORLD.register((AfterPlayerChange)(player, origin, destination) -> {
                                                                        ^
  symbol:   class AfterPlayerChange
  location: class AxiomServer
E:\Projects\Axiom-port\axiom-neoforge\src\main\java\com\moulberry\axiom\AxiomServer.java:70: error: package ServerEntityWorldChangeEvents does not exist
      ServerEntityWorldChangeEvents.AFTER_PLAYER_CHANGE_WORLD.register((AfterPlayerChange)(player, origin, destination) -> {
                                   ^
E:\Projects\Axiom-port\axiom-neoforge\src\main\java\com\moulberry\axiom\collections\Position2ObjectMap.java:73: error: incompatible types: Object[] cannot be converted to T[]
         consumer.accept(cx, cy, cz, (Object[])entry.getValue());
                                     ^
  where T is a type-variable:
    T extends Object declared in class Position2ObjectMap
E:\Projects\Axiom-port\axiom-neoforge\src\main\java\com\moulberry\axiom\blueprint\BlueprintIo.java:356: error: incompatible types: Object cannot be converted to Tag
         Tag encoded = VersionUtils.getOrThrow(blockStateCodec.encodeStart(NbtOps.INSTANCE, container));
                                              ^
E:\Projects\Axiom-port\axiom-neoforge\src\main\java\com\moulberry\axiom\blueprint\BlueprintIo.java:379: error: cannot find symbol
               blockEntitiesTag.add(tagx);
                               ^
  symbol:   method add(CompoundTag)
  location: variable blockEntitiesTag of type ObjectIterator
E:\Projects\Axiom-port\axiom-neoforge\src\main\java\com\moulberry\axiom\blueprint\BlueprintIo.java:412: error: incompatible types: @org.jetbrains.annotations.NotNull NativeImage cannot be converted to NativeImageExt
      byte[] var14 = ((NativeImageExt)thumbnail).axiom$asByteArray();
                                      ^
E:\Projects\Axiom-port\axiom-neoforge\src\main\java\com\moulberry\axiom\capabilities\Bulldozer.java:37: error: cannot find symbol
         int delay = ((MultiPlayerGameModeAccessor)gameMode).getDestroyDelay();
                       ^
  symbol:   class MultiPlayerGameModeAccessor
  location: class Bulldozer
E:\Projects\Axiom-port\axiom-neoforge\src\main\java\com\moulberry\axiom\capabilities\Bulldozer.java:39: error: cannot find symbol
         ((MultiPlayerGameModeAccessor)gameMode).setDestroyDelay(newDelay);
           ^
  symbol:   class MultiPlayerGameModeAccessor
  location: class Bulldozer
E:\Projects\Axiom-port\axiom-neoforge\src\main\java\com\moulberry\axiom\capabilities\Bulldozer.java:59: error: cannot find symbol
               ((MultiPlayerGameModeAccessor)gameMode).setDestroyDelay(0);
                 ^
  symbol:   class MultiPlayerGameModeAccessor
  location: class Bulldozer
E:\Projects\Axiom-port\axiom-neoforge\src\main\java\com\moulberry\axiom\gizmo\Gizmo.java:434: error: variable planeConstant is already defined in method update(long,Vec3,boolean,boolean,boolean)
                     double planeConstant = vector3dx.x * targetPositionD.x + vector3dx.y * targetPositionD.y + vector3dx.z * targetPositionD.z;
                            ^
E:\Projects\Axiom-port\axiom-neoforge\src\main\java\com\moulberry\axiom\gizmo\Gizmo.java:447: error: variable planeConstant is already defined in method update(long,Vec3,boolean,boolean,boolean)
                     double planeConstant = vector3d.x * targetPositionD.x + vector3d.y * targetPositionD.y + vector3d.z * targetPositionD.z;
                            ^
E:\Projects\Axiom-port\axiom-neoforge\src\main\java\com\moulberry\axiom\gizmo\Gizmo.java:540: error: variable planeConstant is already defined in method update(long,Vec3,boolean,boolean,boolean)
                     double planeConstant = vector3dxxxx.x * targetPositionD.x + vector3dxxxx.y * targetPositionD.y + vector3dxxxx.z * targetPositionD.z;
                            ^
E:\Projects\Axiom-port\axiom-neoforge\src\main\java\com\moulberry\axiom\gizmo\Gizmo.java:592: error: variable planeConstant is already defined in method update(long,Vec3,boolean,boolean,boolean)
                     double planeConstant = vector3dxxx.x * targetPositionD.x + vector3dxxx.y * targetPositionD.y + vector3dxxx.z * targetPositionD.z;
                            ^
E:\Projects\Axiom-port\axiom-neoforge\src\main\java\com\moulberry\axiom\world_modification\BlockBuffer.java:151: error: incompatible types: Object cannot be converted to CompoundTag
         CompoundTag encoded = VersionUtils.getOrThrow(codec.encodeStart(NbtOps.INSTANCE, (PalettedContainer)entry.getValue()));
                                                      ^
E:\Projects\Axiom-port\axiom-neoforge\src\main\java\com\moulberry\axiom\editor\BlockList.java:99: error: cannot find symbol
      CommonLifecycleEvents.TAGS_LOADED.register((TagsLoaded)(registries, client) -> {
                                                  ^
  symbol:   class TagsLoaded
  location: class BlockList
E:\Projects\Axiom-port\axiom-neoforge\src\main\java\com\moulberry\axiom\editor\BlockList.java:99: error: package CommonLifecycleEvents does not exist
      CommonLifecycleEvents.TAGS_LOADED.register((TagsLoaded)(registries, client) -> {
                           ^
E:\Projects\Axiom-port\axiom-neoforge\src\main\java\com\moulberry\axiom\editor\BlockList.java:184: error: package MaterialBlockTagGenerator does not exist
      for (String value : MaterialBlockTagGenerator.blockToMaterialMap.values()) {
                                                   ^
E:\Projects\Axiom-port\axiom-neoforge\src\main\java\com\moulberry\axiom\editor\BlockList.java:188: error: package MaterialBlockTagGenerator does not exist
      for (String value : MaterialBlockTagGenerator.setTypeToMaterialMap.values()) {
                                                   ^
E:\Projects\Axiom-port\axiom-neoforge\src\main\java\com\moulberry\axiom\editor\BlockList.java:192: error: package MaterialBlockTagGenerator does not exist
      for (String value : MaterialBlockTagGenerator.woodTypeToMaterialMap.values()) {
                                                   ^
E:\Projects\Axiom-port\axiom-neoforge\src\main\java\com\moulberry\axiom\editor\BlockList.java:206: error: cannot find symbol
         Set<ResourceLocation> clientTag = ClientTags.getOrCreateLocalTag(TagKey.create(Registries.BLOCK, builtinAxiomTag));
                                           ^
  symbol:   variable ClientTags
  location: class BlockList
E:\Projects\Axiom-port\axiom-neoforge\src\main\java\com\moulberry\axiom\custom_blocks\CustomBlockImplementation.java:122: error: incompatible types: ImmutableList<CustomBlockStateImplementation> cannot be converted to List<CustomBlockState>
      return this.stateDefinition.getPossibleStates();
                                                   ^
E:\Projects\Axiom-port\axiom-neoforge\src\main\java\com\moulberry\axiom\custom_blocks\CustomBlockStateImplementation.java:46: error: method setValue in class StateHolder<O,S> cannot be applied to given types;
      return (CustomBlockState)this.setValue(property, value);
                                   ^
  required: Property<T#1>,V
  found:    Property<T#2>,Comparable<CAP#1>
  reason: inference variable T#1 has incompatible bounds
    equality constraints: T#2
    lower bounds: V,Comparable<CAP#1>
  where T#1,V,S,T#2,O are type-variables:
    T#1 extends Comparable<T#1> declared in method <T#1,V>setValue(Property<T#1>,V)
    V extends T#1 declared in method <T#1,V>setValue(Property<T#1>,V)
    S extends Object declared in class StateHolder
    T#2 extends Comparable<T#2> declared in method <T#2>setPropertyUnsafe(Property<T#2>,Comparable<?>)
    O extends Object declared in class StateHolder
  where CAP#1 is a fresh type-variable:
    CAP#1 extends Object from capture of ?
E:\Projects\Axiom-port\axiom-neoforge\src\main\java\com\moulberry\axiom\custom_blocks\ServerCustomBlocks.java:251: error: incompatible types: Enum cannot be converted to Direction
               directionalProperties.put((Enum)value, property);
                                         ^
E:\Projects\Axiom-port\axiom-neoforge\src\main\java\com\moulberry\axiom\custom_blocks\ServerCustomBlocks.java:345: error: incompatible types: Comparable<CAP#1> cannot be converted to T
      stringBuilder.append(property.getName(comparable));
                                            ^
  where T is a type-variable:
    T extends Comparable<T> declared in method <T>appendProperty(StringBuilder,Property<T>,Comparable<?>)
  where CAP#1 is a fresh type-variable:
    CAP#1 extends Object from capture of ?
E:\Projects\Axiom-port\axiom-neoforge\src\main\java\com\moulberry\axiom\displayentity\DisplayEntityHelper.java:235: error: cannot find symbol
         (Integer)data.get(DisplayAccessor.getDataTransformationInterpolationDurationId()),
                           ^
  symbol:   variable DisplayAccessor
  location: class DisplayEntityHelper
E:\Projects\Axiom-port\axiom-neoforge\src\main\java\com\moulberry\axiom\displayentity\DisplayEntityHelper.java:236: error: cannot find symbol
         (Integer)data.get(DisplayAccessor.getDataPosRotInterpolationId()),
                           ^
  symbol:   variable DisplayAccessor
  location: class DisplayEntityHelper
E:\Projects\Axiom-port\axiom-neoforge\src\main\java\com\moulberry\axiom\displayentity\ItemList.java:56: error: cannot find symbol
      CommonLifecycleEvents.TAGS_LOADED.register((TagsLoaded)(registries, client) -> {
                                                  ^
  symbol:   class TagsLoaded
  location: class ItemList
E:\Projects\Axiom-port\axiom-neoforge\src\main\java\com\moulberry\axiom\displayentity\ItemList.java:56: error: package CommonLifecycleEvents does not exist
      CommonLifecycleEvents.TAGS_LOADED.register((TagsLoaded)(registries, client) -> {
                           ^
E:\Projects\Axiom-port\axiom-neoforge\src\main\java\com\moulberry\axiom\editor\EditorUI.java:1639: error: incompatible types: Window cannot be converted to WindowExt
         ((WindowExt)window).axiom$resizeFramebuffer(window.getWindow(), width[0], height[0]);
                     ^
E:\Projects\Axiom-port\axiom-neoforge\src\main\java\com\moulberry\axiom\editor\EditorUI.java:1644: error: incompatible types: Window cannot be converted to WindowExt
         ((WindowExt)window).axiom$resize(window.getWindow(), width[0], height[0]);
                     ^
E:\Projects\Axiom-port\axiom-neoforge\src\main\java\com\moulberry\axiom\mask\CmdStringConverter.java:335: error: cannot find symbol
            Set<ResourceLocation> localTag = ClientTags.getOrCreateLocalTag(tagKey);
                                             ^
  symbol:   variable ClientTags
  location: class CmdStringConverter
E:\Projects\Axiom-port\axiom-neoforge\src\main\java\com\moulberry\axiom\mask\CmdStringConverter.java:358: error: cannot find symbol
                        localTag = ClientTags.getOrCreateLocalTag(tagKey);
                                   ^
  symbol:   variable ClientTags
  location: class CmdStringConverter
E:\Projects\Axiom-port\axiom-neoforge\src\main\java\com\moulberry\axiom\editor\windows\save_world\SaveSchematicAction.java:94: error: incompatible types: HashMap<Object,Object> cannot be converted to Map<String,String>
   private static final Map<String, String> REVERSE_BLOCK_ENTITY_ID_FIX_MAP = (Map<String, String>)DataFixUtils.make(Maps.newHashMap(), hashMap -> {
                                                                                                                    ^
E:\Projects\Axiom-port\axiom-neoforge\src\main\java\com\moulberry\axiom\mask\antlr\MaskParser.java:370: error: variable _la is already defined in method maskElement(int)
               int _la = this._input.LA(1);
                   ^
E:\Projects\Axiom-port\axiom-neoforge\src\main\java\com\moulberry\axiom\mask\antlr\MaskParser.java:392: error: variable _la is already defined in method maskElement(int)
               int _la = this._input.LA(1);
                   ^
E:\Projects\Axiom-port\axiom-neoforge\src\main\java\com\moulberry\axiom\mask\antlr\MaskParser.java:457: error: variable _la is already defined in method maskElement(int)
                     int _la = this._input.LA(1);
                         ^
E:\Projects\Axiom-port\axiom-neoforge\src\main\java\com\moulberry\axiom\mask\antlr\MaskParser.java:1021: error: variable _la is already defined in method numeric(int)
                     int _la = this._input.LA(1);
                         ^
E:\Projects\Axiom-port\axiom-neoforge\src\main\java\com\moulberry\axiom\mask\DummyFunctionDictionary.java:12: error: cannot find symbol
      return super.hasFunction(functionName);
                  ^
  symbol: method hasFunction(String)
E:\Projects\Axiom-port\axiom-neoforge\src\main\java\com\moulberry\axiom\mask\VisualCodeConverter.java:249: error: variable diff is already defined in method toVisualCode(MaskElement)
                  int diff = 90 - angle;
                      ^
E:\Projects\Axiom-port\axiom-neoforge\src\main\java\com\moulberry\axiom\mixinplugin\AxiomMixinPlugin.java:18: error: cannot find symbol
      return this.mixinPackage != null && !mixinClassName.startsWith(this.mixinPackage) ? true : MixinConstraints.shouldApplyMixin(mixinClassName);
                                                                                                 ^
  symbol:   variable MixinConstraints
  location: class AxiomMixinPlugin
E:\Projects\Axiom-port\axiom-neoforge\src\main\java\com\moulberry\axiom\mixinplugin\AxiomMixinPlugin.java:24: error: cannot find symbol
      MixinConstraintsBootstrap.init(mixinPackage);
      ^
  symbol:   variable MixinConstraintsBootstrap
  location: class AxiomMixinPlugin
E:\Projects\Axiom-port\axiom-neoforge\src\main\java\com\moulberry\axiom\neoforge\AxiomClientBusEvents.java:15: warning: [removal] bus() in EventBusSubscriber has been deprecated and marked for removal
@EventBusSubscriber(modid = AxiomNeoForge.MOD_ID, value = Dist.CLIENT, bus = EventBusSubscriber.Bus.MOD)
                                                                       ^
E:\Projects\Axiom-port\axiom-neoforge\src\main\java\com\moulberry\axiom\neoforge\AxiomClientBusEvents.java:15: warning: [removal] Bus in EventBusSubscriber has been deprecated and marked for removal
@EventBusSubscriber(modid = AxiomNeoForge.MOD_ID, value = Dist.CLIENT, bus = EventBusSubscriber.Bus.MOD)
                                                                                               ^
E:\Projects\Axiom-port\axiom-neoforge\src\main\java\com\moulberry\axiom\operations\RebuildOperation.java:25: error: cannot find symbol
   private static final ObjectHeapPriorityQueue<RebuildOperation.QueueObject> queue = new ObjectHeapPriorityQueue(Comparator.comparingDouble(k -> k.priority));
                                                                                                                                                   ^
  symbol:   variable priority
  location: variable k of type Object
E:\Projects\Axiom-port\axiom-neoforge\src\main\java\com\moulberry\axiom\packets\AxiomClientboundCustomBlocks.java:106: error: incompatible types: Object cannot be converted to Enum<?>
                     for (Enum<?> possibleValue : possibleValues) {
                                                  ^
E:\Projects\Axiom-port\axiom-neoforge\src\main\java\com\moulberry\axiom\packets\AxiomServerboundSetBlock.java:167: error: cannot find symbol
            InteractionResult attackResult = ((AttackBlockCallback)AttackBlockCallback.EVENT.invoker())
                                               ^
  symbol:   class AttackBlockCallback
  location: class AxiomServerboundSetBlock
E:\Projects\Axiom-port\axiom-neoforge\src\main\java\com\moulberry\axiom\packets\AxiomServerboundSetBlock.java:167: error: package AttackBlockCallback does not exist
            InteractionResult attackResult = ((AttackBlockCallback)AttackBlockCallback.EVENT.invoker())
                                                                                      ^
E:\Projects\Axiom-port\axiom-neoforge\src\main\java\com\moulberry\axiom\packets\AxiomServerboundSetBlock.java:173: error: cannot find symbol
            boolean breakBlockResult = ((Before)PlayerBlockBreakEvents.BEFORE.invoker())
                                         ^
  symbol:   class Before
  location: class AxiomServerboundSetBlock
E:\Projects\Axiom-port\axiom-neoforge\src\main\java\com\moulberry\axiom\packets\AxiomServerboundSetBlock.java:173: error: package PlayerBlockBreakEvents does not exist
            boolean breakBlockResult = ((Before)PlayerBlockBreakEvents.BEFORE.invoker())
                                                                      ^
E:\Projects\Axiom-port\axiom-neoforge\src\main\java\com\moulberry\axiom\packets\AxiomServerboundSetBlock.java:179: error: cannot find symbol
            InteractionResult result = ((UseBlockCallback)UseBlockCallback.EVENT.invoker()).interact(player, player.serverLevel(), this.hand, this.blockHit);
                                         ^
  symbol:   class UseBlockCallback
  location: class AxiomServerboundSetBlock
E:\Projects\Axiom-port\axiom-neoforge\src\main\java\com\moulberry\axiom\packets\AxiomServerboundSetBlock.java:179: error: package UseBlockCallback does not exist
            InteractionResult result = ((UseBlockCallback)UseBlockCallback.EVENT.invoker()).interact(player, player.serverLevel(), this.hand, this.blockHit);
                                                                          ^
E:\Projects\Axiom-port\axiom-neoforge\src\main\java\com\moulberry\axiom\render\ShaderManager.java:113: error: cannot find symbol
            (CoreShaderRegistrationCallback)context -> {
             ^
  symbol:   class CoreShaderRegistrationCallback
  location: class ShaderManager
E:\Projects\Axiom-port\axiom-neoforge\src\main\java\com\moulberry\axiom\render\ShaderManager.java:111: error: package CoreShaderRegistrationCallback does not exist
      CoreShaderRegistrationCallback.EVENT
                                    ^
E:\Projects\Axiom-port\axiom-neoforge\src\main\java\com\moulberry\axiom\screen\CreateDisplayEntityScreen.java:239: error: incompatible types: Builder<Object> cannot be converted to Builder<ItemDisplayContext>
         .withInitialValue(this.itemDisplayContext);
                          ^
E:\Projects\Axiom-port\axiom-neoforge\src\main\java\com\moulberry\axiom\screen\CreateDisplayEntityScreen.java:323: error: incompatible types: Comparable<CAP#1> cannot be converted to String
            Builder<String> cycleButton = CycleButton.builder(CreateDisplayEntityScreen::stringToComponent).withInitialValue(propertyValue);
                                                                                                                             ^
  where CAP#1 is a fresh type-variable:
    CAP#1 extends Object from capture of ?
E:\Projects\Axiom-port\axiom-neoforge\src\main\java\com\moulberry\axiom\screen\CreateDisplayEntityScreen.java:354: error: incompatible types: Comparable<CAP#1> cannot be converted to Boolean
            Builder<Boolean> cycleButton = CycleButton.builder(CreateDisplayEntityScreen::booleanToComponent).withInitialValue(propertyValue);
                                                                                                                               ^
  where CAP#1 is a fresh type-variable:
    CAP#1 extends Object from capture of ?
E:\Projects\Axiom-port\axiom-neoforge\src\main\java\com\moulberry\axiom\screen\EditDisplayEntityScreen.java:172: error: incompatible types: Builder<StringRepresentable> cannot be converted to Builder<GizmoMode>
         .withInitialValue(DisplayEntityManipulator.gizmoMode);
                          ^
E:\Projects\Axiom-port\axiom-neoforge\src\main\java\com\moulberry\axiom\tools\annotation\AnnotationTool.java:673: error: variable middle is already defined in method handleDrawFromTo(Vec3i,Vec3i,Vec3i,Axis,Axis)
                     Vector2i middle = Rasterization2D.bresenhamReturn(from2dx, to2dx, (x, z) -> x % 16 != 0 && z % 16 != 0 ? null : new Vector2i(x, z));
                              ^
E:\Projects\Axiom-port\axiom-neoforge\src\main\java\com\moulberry\axiom\tools\annotation\AnnotationTool.java:678: error: variable axis is already defined in method handleDrawFromTo(Vec3i,Vec3i,Vec3i,Axis,Axis)
                     Axis axis = leftQuantizedCloserToEdge(middle.x, middle.y) ? Axis.X : Axis.Z;
                          ^
E:\Projects\Axiom-port\axiom-neoforge\src\main\java\com\moulberry\axiom\tools\annotation\AnnotationTool.java:692: error: variable middle is already defined in method handleDrawFromTo(Vec3i,Vec3i,Vec3i,Axis,Axis)
                     Vector2i middle = Rasterization2D.bresenhamReturn(from2d, to2d, (x, y) -> x % 16 != 0 && y % 16 != 0 ? null : new Vector2i(x, y));
                              ^
E:\Projects\Axiom-port\axiom-neoforge\src\main\java\com\moulberry\axiom\tools\annotation\AnnotationTool.java:697: error: variable axis is already defined in method handleDrawFromTo(Vec3i,Vec3i,Vec3i,Axis,Axis)
                     Axis axis = leftQuantizedCloserToEdge(middle.x, middle.y) ? Axis.X : Axis.Y;
                          ^
E:\Projects\Axiom-port\axiom-neoforge\src\main\java\com\moulberry\axiom\tools\HeightmapApplier.java:130: error: cannot find symbol
                  int modifiedHeight = newConstrainedHeights.get(x, z);
                                                            ^
  symbol:   method get(int,int)
  location: variable newConstrainedHeights of type ObjectIterator
E:\Projects\Axiom-port\axiom-neoforge\src\main\java\com\moulberry\axiom\tools\HeightmapApplier.java:135: error: cannot find symbol
                     int height1 = newConstrainedHeights.get(x + 1, z);
                                                        ^
  symbol:   method get(int,int)
  location: variable newConstrainedHeights of type ObjectIterator
E:\Projects\Axiom-port\axiom-neoforge\src\main\java\com\moulberry\axiom\tools\HeightmapApplier.java:136: error: cannot find symbol
                     int height2 = newConstrainedHeights.get(x - 1, z);
                                                        ^
  symbol:   method get(int,int)
  location: variable newConstrainedHeights of type ObjectIterator
E:\Projects\Axiom-port\axiom-neoforge\src\main\java\com\moulberry\axiom\tools\HeightmapApplier.java:137: error: cannot find symbol
                     int height3 = newConstrainedHeights.get(x, z + 1);
                                                        ^
  symbol:   method get(int,int)
  location: variable newConstrainedHeights of type ObjectIterator
E:\Projects\Axiom-port\axiom-neoforge\src\main\java\com\moulberry\axiom\tools\HeightmapApplier.java:138: error: cannot find symbol
                     int height4 = newConstrainedHeights.get(x, z - 1);
                                                        ^
  symbol:   method get(int,int)
  location: variable newConstrainedHeights of type ObjectIterator
E:\Projects\Axiom-port\axiom-neoforge\src\main\java\com\moulberry\axiom\tools\HeightmapApplier.java:150: error: cannot find symbol
                        newConstrainedHeights.put(x, z, constrainedHeight);
                                             ^
  symbol:   method put(int,int,int)
  location: variable newConstrainedHeights of type ObjectIterator
E:\Projects\Axiom-port\axiom-neoforge\src\main\java\com\moulberry\axiom\tools\painter\PainterTool.java:517: error: variable mutableBlockPos is already defined in method createToolPather(BrushShape)
            MutableBlockPos mutableBlockPos = new MutableBlockPos();
                            ^
E:\Projects\Axiom-port\axiom-neoforge\src\main\java\com\moulberry\axiom\tools\path\PathTool.java:596: error: cannot find symbol
                           targetRegion.addBlockWithoutDirty(xx, yx, zx, blockState);
                                                                         ^
  symbol:   variable blockState
  location: class PathTool
E:\Projects\Axiom-port\axiom-neoforge\src\main\java\com\moulberry\axiom\tools\script_brush\ScriptArgument.java:64: error: variable name is already defined in method parse(String,String)
               String name = "Boolean";
                      ^
E:\Projects\Axiom-port\axiom-neoforge\src\main\java\com\moulberry\axiom\tools\script_brush\ScriptArgument.java:79: error: variable name is already defined in method parse(String,String)
               String name = "Float";
                      ^
E:\Projects\Axiom-port\axiom-neoforge\src\main\java\com\moulberry\axiom\tools\script_brush\ScriptArgument.java:80: error: variable defaultValue is already defined in method parse(String,String)
               float defaultValue = 0.5F;
                     ^
E:\Projects\Axiom-port\axiom-neoforge\src\main\java\com\moulberry\axiom\tools\script_brush\ScriptArgument.java:119: error: variable name is already defined in method parse(String,String)
               String name = "Integer";
                      ^
E:\Projects\Axiom-port\axiom-neoforge\src\main\java\com\moulberry\axiom\tools\script_brush\ScriptArgument.java:120: error: variable defaultValue is already defined in method parse(String,String)
               int defaultValue = 0;
                   ^
E:\Projects\Axiom-port\axiom-neoforge\src\main\java\com\moulberry\axiom\tools\script_brush\ScriptArgument.java:154: error: variable scriptArgument is already defined in method parse(String,String)
               ScriptArgument scriptArgument = new ScriptArgument(name, ScriptArgument.Type.INT, defaultValue);
                              ^
E:\Projects\Axiom-port\axiom-neoforge\src\main\java\com\moulberry\axiom\tools\slope\SlopeTool.java:296: error: incompatible types: int[] cannot be converted to int
                  Rasterization3D.ddaSkipFrom(this.lastPosition, newPosition, (x, y, zx) -> this.apply(level, radius, height, mutableBlockPos, x, y, zx));
                                                                                                              ^
E:\Projects\Axiom-port\axiom-neoforge\src\main\java\com\moulberry\axiom\tools\stamp\StampTool.java:542: error: package result does not exist
                        return result.spacingBlacklistSet.contains(placementx.baseX(), placementx.baseZ());
                                     ^
E:\Projects\Axiom-port\axiom-neoforge\src\main\java\com\moulberry\axiom\utils\RegionHelper.java:673: error: incompatible types: Object cannot be converted to NbtTarget
                     for (RegionHelper.NbtTarget target : (List)element.getValue()) {
                                                          ^
E:\Projects\Axiom-port\axiom-neoforge\src\main\java\com\moulberry\axiom\utils\StarlightHelper.java:12: error: cannot find symbol
      ((StarLightLightingProvider)engine).getLightEngine().relightChunks(chunks, chunkLightCallback, onComplete);
        ^
  symbol:   class StarLightLightingProvider
  location: class StarlightHelper
Note: Some input files use or override a deprecated API.
Note: Recompile with -Xlint:deprecation for details.
Note: Some input files use unchecked or unsafe operations.
Note: Recompile with -Xlint:unchecked for details.
Note: Some messages have been simplified; recompile with -Xdiags:verbose to get full output
119 errors
2 warnings

> Task :compileJava FAILED

[Incubating] Problems report is available at: file:///E:/Projects/Axiom-port/axiom-neoforge/build/reports/problems/problems-report.html

FAILURE: Build failed with an exception.

* What went wrong:
Execution failed for task ':compileJava'.
> Compilation failed; see the compiler output below.
  E:\Projects\Axiom-port\axiom-neoforge\src\main\java\com\moulberry\axiom\render\regions\ChunkedBlockRegion.java:121: error: cannot find symbol
  public class ChunkedBlockRegion implements FabricBlockView, BlockAndTintGetter, LevelAccessor, BlockRegion, RenderAttachedBlockView {
                                             ^
    symbol: class FabricBlockView
  E:\Projects\Axiom-port\axiom-neoforge\src\main\java\com\moulberry\axiom\render\regions\ChunkedBlockRegion.java:121: error: cannot find symbol
  public class ChunkedBlockRegion implements FabricBlockView, BlockAndTintGetter, LevelAccessor, BlockRegion, RenderAttachedBlockView {
                                                                                                              ^
    symbol: class RenderAttachedBlockView
  E:\Projects\Axiom-port\axiom-neoforge\src\main\java\com\moulberry\axiom\render\ShaderManager.java:26: error: cannot find symbol
  public class ShaderManager implements SimpleSynchronousResourceReloadListener {
                                        ^
    symbol: class SimpleSynchronousResourceReloadListener
  E:\Projects\Axiom-port\axiom-neoforge\src\main\java\com\moulberry\axiom\utils\EmptyBlockAndTintGetter.java:21: error: cannot find symbol
  public enum EmptyBlockAndTintGetter implements FabricBlockView, BlockAndTintGetter {
                                                 ^
    symbol: class FabricBlockView
  E:\Projects\Axiom-port\axiom-neoforge\src\main\java\com\moulberry\axiom\utils\PreLaunch.java:7: error: cannot find symbol
  public class PreLaunch implements PreLaunchEntrypoint {
                                    ^
    symbol: class PreLaunchEntrypointNote: Recompile with -Xlint:deprecation for details.E:\Projects\Axiom-port\axiom-neoforge\src\main\java\com\moulberry\axiom\AxiomClient.java:10: error: package com.replaymod.replay does not exist
  import com.replaymod.replay.ReplayModReplay;
                             ^
  E:\Projects\Axiom-port\axiom-neoforge\src\main\java\com\moulberry\axiom\AxiomServer.java:20: error: package net.fabricmc.fabric.api.entity.event.v1 does not exist
  import net.fabricmc.fabric.api.entity.event.v1.ServerEntityWorldChangeEvents;
                                                ^
  E:\Projects\Axiom-port\axiom-neoforge\src\main\java\com\moulberry\axiom\AxiomServer.java:21: error: package net.fabricmc.fabric.api.entity.event.v1.ServerEntityWorldChangeEvents does not exist
  import net.fabricmc.fabric.api.entity.event.v1.ServerEntityWorldChangeEvents.AfterPlayerChange;
                                                                              ^
  E:\Projects\Axiom-port\axiom-neoforge\src\main\java\com\moulberry\axiom\AxiomServer.java:22: error: package net.fabricmc.fabric.api.event.lifecycle.v1 does not exist
  import net.fabricmc.fabric.api.event.lifecycle.v1.ServerTickEvents;
                                                   ^
  E:\Projects\Axiom-port\axiom-neoforge\src\main\java\com\moulberry\axiom\AxiomServer.java:23: error: package net.fabricmc.fabric.api.event.lifecycle.v1.ServerTickEvents does not exist
  import net.fabricmc.fabric.api.event.lifecycle.v1.ServerTickEvents.EndTick;
                                                                    ^
  E:\Projects\Axiom-port\axiom-neoforge\src\main\java\com\moulberry\axiom\render\regions\ChunkedBlockRegion.java:53: error: package net.fabricmc.fabric.api.blockview.v2 does not exist
  import net.fabricmc.fabric.api.blockview.v2.FabricBlockView;
                                             ^
  E:\Projects\Axiom-port\axiom-neoforge\src\main\java\com\moulberry\axiom\render\regions\ChunkedBlockRegion.java:54: error: package net.fabricmc.fabric.api.rendering.data.v1 does not exist
  import net.fabricmc.fabric.api.rendering.data.v1.RenderAttachedBlockView;
                                                  ^
  E:\Projects\Axiom-port\axiom-neoforge\src\main\java\com\moulberry\axiom\render\ChunkRenderOverrider.java:41: error: package net.fabricmc.fabric.api.blockview.v2 does not exist
  import net.fabricmc.fabric.api.blockview.v2.FabricBlockView;
                                             ^
  E:\Projects\Axiom-port\axiom-neoforge\src\main\java\com\moulberry\axiom\render\ChunkRenderOverrider.java:42: error: package net.fabricmc.fabric.api.rendering.data.v1 does not exist
  import net.fabricmc.fabric.api.rendering.data.v1.RenderAttachedBlockView;
                                                  ^
  E:\Projects\Axiom-port\axiom-neoforge\src\main\java\com\moulberry\axiom\capabilities\Bulldozer.java:3: error: package com.moulberry.axiom.mixin does not exist
  import com.moulberry.axiom.mixin.MultiPlayerGameModeAccessor;
                                  ^
  E:\Projects\Axiom-port\axiom-neoforge\src\main\java\com\moulberry\axiom\editor\BlockList.java:10: error: package com.moulberry.axiom.datagen does not exist
  import com.moulberry.axiom.datagen.MaterialBlockTagGenerator;
                                    ^
  E:\Projects\Axiom-port\axiom-neoforge\src\main\java\com\moulberry\axiom\editor\BlockList.java:26: error: package net.fabricmc.fabric.api.event.lifecycle.v1 does not exist
  import net.fabricmc.fabric.api.event.lifecycle.v1.CommonLifecycleEvents;
                                                   ^
  E:\Projects\Axiom-port\axiom-neoforge\src\main\java\com\moulberry\axiom\editor\BlockList.java:27: error: package net.fabricmc.fabric.api.event.lifecycle.v1.CommonLifecycleEvents does not exist
  import net.fabricmc.fabric.api.event.lifecycle.v1.CommonLifecycleEvents.TagsLoaded;
                                                                         ^
  E:\Projects\Axiom-port\axiom-neoforge\src\main\java\com\moulberry\axiom\editor\BlockList.java:28: error: package net.fabricmc.fabric.api.tag.client.v1 does not exist
  import net.fabricmc.fabric.api.tag.client.v1.ClientTags;
                                              ^
  E:\Projects\Axiom-port\axiom-neoforge\src\main\java\com\moulberry\axiom\displayentity\DisplayEntityHelper.java:7: error: package com.moulberry.axiom.mixin does not exist
  import com.moulberry.axiom.mixin.DisplayAccessor;
                                  ^
  E:\Projects\Axiom-port\axiom-neoforge\src\main\java\com\moulberry\axiom\displayentity\ItemList.java:20: error: package net.fabricmc.fabric.api.event.lifecycle.v1 does not exist
  import net.fabricmc.fabric.api.event.lifecycle.v1.CommonLifecycleEvents;
                                                   ^
  E:\Projects\Axiom-port\axiom-neoforge\src\main\java\com\moulberry\axiom\displayentity\ItemList.java:21: error: package net.fabricmc.fabric.api.event.lifecycle.v1.CommonLifecycleEvents does not exist
  import net.fabricmc.fabric.api.event.lifecycle.v1.CommonLifecycleEvents.TagsLoaded;
                                                                         ^
  E:\Projects\Axiom-port\axiom-neoforge\src\main\java\com\moulberry\axiom\mask\CmdStringConverter.java:43: error: package net.fabricmc.fabric.api.tag.client.v1 does not exist
  import net.fabricmc.fabric.api.tag.client.v1.ClientTags;
                                              ^
  E:\Projects\Axiom-port\axiom-neoforge\src\main\java\com\moulberry\axiom\mixinplugin\AxiomMixinPlugin.java:6: error: package com.moulberry.mixinconstraints does not exist
  import com.moulberry.mixinconstraints.MixinConstraints;
                                       ^
  E:\Projects\Axiom-port\axiom-neoforge\src\main\java\com\moulberry\axiom\mixinplugin\AxiomMixinPlugin.java:7: error: package com.moulberry.mixinconstraints.mixin does not exist
  import com.moulberry.mixinconstraints.mixin.MixinConstraintsBootstrap;
                                             ^
  E:\Projects\Axiom-port\axiom-neoforge\src\main\java\com\moulberry\axiom\packets\AxiomServerboundSetBlock.java:13: error: package net.fabricmc.fabric.api.event.player does not exist
  import net.fabricmc.fabric.api.event.player.AttackBlockCallback;
                                             ^
  E:\Projects\Axiom-port\axiom-neoforge\src\main\java\com\moulberry\axiom\packets\AxiomServerboundSetBlock.java:14: error: package net.fabricmc.fabric.api.event.player does not exist
  import net.fabricmc.fabric.api.event.player.PlayerBlockBreakEvents;
                                             ^
  E:\Projects\Axiom-port\axiom-neoforge\src\main\java\com\moulberry\axiom\packets\AxiomServerboundSetBlock.java:15: error: package net.fabricmc.fabric.api.event.player does not exist
  import net.fabricmc.fabric.api.event.player.UseBlockCallback;
                                             ^
  E:\Projects\Axiom-port\axiom-neoforge\src\main\java\com\moulberry\axiom\packets\AxiomServerboundSetBlock.java:16: error: package net.fabricmc.fabric.api.event.player.PlayerBlockBreakEvents does not exist
  import net.fabricmc.fabric.api.event.player.PlayerBlockBreakEvents.Before;
                                                                    ^
  E:\Projects\Axiom-port\axiom-neoforge\src\main\java\com\moulberry\axiom\render\ShaderManager.java:17: error: package net.fabricmc.fabric.api.client.rendering.v1 does not exist
  import net.fabricmc.fabric.api.client.rendering.v1.CoreShaderRegistrationCallback;
                                                    ^
  E:\Projects\Axiom-port\axiom-neoforge\src\main\java\com\moulberry\axiom\render\ShaderManager.java:18: error: package net.fabricmc.fabric.api.resource does not exist
  import net.fabricmc.fabric.api.resource.SimpleSynchronousResourceReloadListener;
                                         ^
  E:\Projects\Axiom-port\axiom-neoforge\src\main\java\com\moulberry\axiom\utils\EmptyBlockAndTintGetter.java:3: error: package net.fabricmc.fabric.api.blockview.v2 does not exist
  import net.fabricmc.fabric.api.blockview.v2.FabricBlockView;
                                             ^
  E:\Projects\Axiom-port\axiom-neoforge\src\main\java\com\moulberry\axiom\utils\PreLaunch.java:3: error: package net.fabricmc.loader.api.entrypoint does not exist
  import net.fabricmc.loader.api.entrypoint.PreLaunchEntrypoint;
                                           ^
  E:\Projects\Axiom-port\axiom-neoforge\src\main\java\com\moulberry\axiom\utils\StarlightHelper.java:3: error: package ca.spottedleaf.starlight.common.light does not exist
  import ca.spottedleaf.starlight.common.light.StarLightLightingProvider;
                                              ^
  E:\Projects\Axiom-port\axiom-neoforge\src\main\java\com\moulberry\axiom\AxiomClient.java:43: error: package ReplayModReplay does not exist
           if (AxiomPlatform.isModLoaded("replaymod") && ReplayModReplay.instance.getReplayHandler() != null) {
                                                                        ^
  E:\Projects\Axiom-port\axiom-neoforge\src\main\java\com\moulberry\axiom\AxiomServer.java:41: error: package ServerTickEvents does not exist
        ServerTickEvents.END_SERVER_TICK.register((EndTick)minecraftServer -> {
                        ^
  E:\Projects\Axiom-port\axiom-neoforge\src\main\java\com\moulberry\axiom\AxiomServer.java:70: error: package ServerEntityWorldChangeEvents does not exist
        ServerEntityWorldChangeEvents.AFTER_PLAYER_CHANGE_WORLD.register((AfterPlayerChange)(player, origin, destination) -> {
                                     ^
  E:\Projects\Axiom-port\axiom-neoforge\src\main\java\com\moulberry\axiom\editor\BlockList.java:99: error: package CommonLifecycleEvents does not exist
        CommonLifecycleEvents.TAGS_LOADED.register((TagsLoaded)(registries, client) -> {
                             ^
  E:\Projects\Axiom-port\axiom-neoforge\src\main\java\com\moulberry\axiom\editor\BlockList.java:184: error: package MaterialBlockTagGenerator does not exist
        for (String value : MaterialBlockTagGenerator.blockToMaterialMap.values()) {
                                                     ^
  E:\Projects\Axiom-port\axiom-neoforge\src\main\java\com\moulberry\axiom\editor\BlockList.java:188: error: package MaterialBlockTagGenerator does not exist
        for (String value : MaterialBlockTagGenerator.setTypeToMaterialMap.values()) {
                                                     ^
  E:\Projects\Axiom-port\axiom-neoforge\src\main\java\com\moulberry\axiom\editor\BlockList.java:192: error: package MaterialBlockTagGenerator does not exist
        for (String value : MaterialBlockTagGenerator.woodTypeToMaterialMap.values()) {
                                                     ^
  E:\Projects\Axiom-port\axiom-neoforge\src\main\java\com\moulberry\axiom\displayentity\ItemList.java:56: error: package CommonLifecycleEvents does not exist
        CommonLifecycleEvents.TAGS_LOADED.register((TagsLoaded)(registries, client) -> {
                             ^
  E:\Projects\Axiom-port\axiom-neoforge\src\main\java\com\moulberry\axiom\packets\AxiomServerboundSetBlock.java:167: error: package AttackBlockCallback does not exist
              InteractionResult attackResult = ((AttackBlockCallback)AttackBlockCallback.EVENT.invoker())
                                                                                        ^
  E:\Projects\Axiom-port\axiom-neoforge\src\main\java\com\moulberry\axiom\packets\AxiomServerboundSetBlock.java:173: error: package PlayerBlockBreakEvents does not exist
              boolean breakBlockResult = ((Before)PlayerBlockBreakEvents.BEFORE.invoker())
                                                                        ^
  E:\Projects\Axiom-port\axiom-neoforge\src\main\java\com\moulberry\axiom\packets\AxiomServerboundSetBlock.java:179: error: package UseBlockCallback does not exist
              InteractionResult result = ((UseBlockCallback)UseBlockCallback.EVENT.invoker()).interact(player, player.serverLevel(), this.hand, this.blockHit);
                                                                            ^
  E:\Projects\Axiom-port\axiom-neoforge\src\main\java\com\moulberry\axiom\render\ShaderManager.java:111: error: package CoreShaderRegistrationCallback does not exist
        CoreShaderRegistrationCallback.EVENT
                                      ^
  E:\Projects\Axiom-port\axiom-neoforge\src\main\java\com\moulberry\axiom\tools\stamp\StampTool.java:542: error: package result does not exist
                          return result.spacingBlacklistSet.contains(placementx.baseX(), placementx.baseZ());
                                       ^E:\Projects\Axiom-port\axiom-neoforge\src\main\java\com\moulberry\axiom\render\ChunkRenderOverrider.java:694: error: cannot find symbol
     private static final class MappedBlockAndTintGetter implements FabricBlockView, BlockAndTintGetter, RenderAttachedBlockView {
                                                                    ^
    symbol:   class FabricBlockView
    location: class ChunkRenderOverrider
  E:\Projects\Axiom-port\axiom-neoforge\src\main\java\com\moulberry\axiom\render\ChunkRenderOverrider.java:694: error: cannot find symbol
     private static final class MappedBlockAndTintGetter implements FabricBlockView, BlockAndTintGetter, RenderAttachedBlockView {
                                                                                                         ^
    symbol:   class RenderAttachedBlockView
    location: class ChunkRenderOverrider
  E:\Projects\Axiom-port\axiom-neoforge\src\main\java\com\moulberry\axiom\AxiomServer.java:41: error: cannot find symbol
        ServerTickEvents.END_SERVER_TICK.register((EndTick)minecraftServer -> {
                                                   ^
    symbol:   class EndTick
    location: class AxiomServer
  E:\Projects\Axiom-port\axiom-neoforge\src\main\java\com\moulberry\axiom\AxiomServer.java:70: error: cannot find symbol
        ServerEntityWorldChangeEvents.AFTER_PLAYER_CHANGE_WORLD.register((AfterPlayerChange)(player, origin, destination) -> {
                                                                          ^
    symbol:   class AfterPlayerChange
    location: class AxiomServer
  E:\Projects\Axiom-port\axiom-neoforge\src\main\java\com\moulberry\axiom\capabilities\Bulldozer.java:37: error: cannot find symbol
           int delay = ((MultiPlayerGameModeAccessor)gameMode).getDestroyDelay();
                         ^
    symbol:   class MultiPlayerGameModeAccessor
    location: class Bulldozer
  E:\Projects\Axiom-port\axiom-neoforge\src\main\java\com\moulberry\axiom\capabilities\Bulldozer.java:39: error: cannot find symbol
           ((MultiPlayerGameModeAccessor)gameMode).setDestroyDelay(newDelay);
             ^
    symbol:   class MultiPlayerGameModeAccessor
    location: class Bulldozer
  E:\Projects\Axiom-port\axiom-neoforge\src\main\java\com\moulberry\axiom\capabilities\Bulldozer.java:59: error: cannot find symbol
                 ((MultiPlayerGameModeAccessor)gameMode).setDestroyDelay(0);
                   ^
    symbol:   class MultiPlayerGameModeAccessor
    location: class Bulldozer
  E:\Projects\Axiom-port\axiom-neoforge\src\main\java\com\moulberry\axiom\editor\BlockList.java:99: error: cannot find symbol
        CommonLifecycleEvents.TAGS_LOADED.register((TagsLoaded)(registries, client) -> {
                                                    ^
    symbol:   class TagsLoaded
    location: class BlockList
  E:\Projects\Axiom-port\axiom-neoforge\src\main\java\com\moulberry\axiom\editor\BlockList.java:206: error: cannot find symbol
           Set<ResourceLocation> clientTag = ClientTags.getOrCreateLocalTag(TagKey.create(Registries.BLOCK, builtinAxiomTag));
                                             ^
    symbol:   variable ClientTags
    location: class BlockList
  E:\Projects\Axiom-port\axiom-neoforge\src\main\java\com\moulberry\axiom\displayentity\DisplayEntityHelper.java:235: error: cannot find symbol
           (Integer)data.get(DisplayAccessor.getDataTransformationInterpolationDurationId()),
                             ^
    symbol:   variable DisplayAccessor
    location: class DisplayEntityHelper
  E:\Projects\Axiom-port\axiom-neoforge\src\main\java\com\moulberry\axiom\displayentity\DisplayEntityHelper.java:236: error: cannot find symbol
           (Integer)data.get(DisplayAccessor.getDataPosRotInterpolationId()),
                             ^
    symbol:   variable DisplayAccessor
    location: class DisplayEntityHelper
  E:\Projects\Axiom-port\axiom-neoforge\src\main\java\com\moulberry\axiom\displayentity\ItemList.java:56: error: cannot find symbol
        CommonLifecycleEvents.TAGS_LOADED.register((TagsLoaded)(registries, client) -> {
                                                    ^
    symbol:   class TagsLoaded
    location: class ItemList
  E:\Projects\Axiom-port\axiom-neoforge\src\main\java\com\moulberry\axiom\mask\CmdStringConverter.java:335: error: cannot find symbol
              Set<ResourceLocation> localTag = ClientTags.getOrCreateLocalTag(tagKey);
                                               ^
    symbol:   variable ClientTags
    location: class CmdStringConverter
  E:\Projects\Axiom-port\axiom-neoforge\src\main\java\com\moulberry\axiom\mask\CmdStringConverter.java:358: error: cannot find symbol
                          localTag = ClientTags.getOrCreateLocalTag(tagKey);
                                     ^
    symbol:   variable ClientTags
    location: class CmdStringConverter
  E:\Projects\Axiom-port\axiom-neoforge\src\main\java\com\moulberry\axiom\mixinplugin\AxiomMixinPlugin.java:18: error: cannot find symbol
        return this.mixinPackage != null && !mixinClassName.startsWith(this.mixinPackage) ? true : MixinConstraints.shouldApplyMixin(mixinClassName);
                                                                                                   ^
    symbol:   variable MixinConstraints
    location: class AxiomMixinPlugin
  E:\Projects\Axiom-port\axiom-neoforge\src\main\java\com\moulberry\axiom\mixinplugin\AxiomMixinPlugin.java:24: error: cannot find symbol
        MixinConstraintsBootstrap.init(mixinPackage);
        ^
    symbol:   variable MixinConstraintsBootstrap
    location: class AxiomMixinPlugin
  E:\Projects\Axiom-port\axiom-neoforge\src\main\java\com\moulberry\axiom\operations\RebuildOperation.java:25: error: cannot find symbol
     private static final ObjectHeapPriorityQueue<RebuildOperation.QueueObject> queue = new ObjectHeapPriorityQueue(Comparator.comparingDouble(k -> k.priority));
                                                                                                                                                     ^
    symbol:   variable priority
    location: variable k of type Object
  E:\Projects\Axiom-port\axiom-neoforge\src\main\java\com\moulberry\axiom\packets\AxiomServerboundSetBlock.java:167: error: cannot find symbol
              InteractionResult attackResult = ((AttackBlockCallback)AttackBlockCallback.EVENT.invoker())
                                                 ^
    symbol:   class AttackBlockCallback
    location: class AxiomServerboundSetBlock
  E:\Projects\Axiom-port\axiom-neoforge\src\main\java\com\moulberry\axiom\packets\AxiomServerboundSetBlock.java:173: error: cannot find symbol
              boolean breakBlockResult = ((Before)PlayerBlockBreakEvents.BEFORE.invoker())
                                           ^
    symbol:   class Before
    location: class AxiomServerboundSetBlock
  E:\Projects\Axiom-port\axiom-neoforge\src\main\java\com\moulberry\axiom\packets\AxiomServerboundSetBlock.java:179: error: cannot find symbol
              InteractionResult result = ((UseBlockCallback)UseBlockCallback.EVENT.invoker()).interact(player, player.serverLevel(), this.hand, this.blockHit);
                                           ^
    symbol:   class UseBlockCallback
    location: class AxiomServerboundSetBlock
  E:\Projects\Axiom-port\axiom-neoforge\src\main\java\com\moulberry\axiom\render\ShaderManager.java:113: error: cannot find symbol
              (CoreShaderRegistrationCallback)context -> {
               ^
    symbol:   class CoreShaderRegistrationCallback
    location: class ShaderManager
  E:\Projects\Axiom-port\axiom-neoforge\src\main\java\com\moulberry\axiom\tools\path\PathTool.java:596: error: cannot find symbol
                             targetRegion.addBlockWithoutDirty(xx, yx, zx, blockState);
                                                                           ^
    symbol:   variable blockState
    location: class PathTool
  E:\Projects\Axiom-port\axiom-neoforge\src\main\java\com\moulberry\axiom\utils\StarlightHelper.java:12: error: cannot find symbol
        ((StarLightLightingProvider)engine).getLightEngine().relightChunks(chunks, chunkLightCallback, onComplete);
          ^
    symbol:   class StarLightLightingProvider
    location: class StarlightHelperNote: Some input files use unchecked or unsafe operations.E:\Projects\Axiom-port\axiom-neoforge\src\main\java\com\moulberry\axiom\annotations\ServerAnnotations.java:23: error: incompatible types: invalid method reference
     private static final Factory<ServerAnnotations> FACTORY = new Factory(ServerAnnotations::new, ServerAnnotations::read, null);
                                                                                                   ^
      incompatible types: Object cannot be converted to CompoundTag
  E:\Projects\Axiom-port\axiom-neoforge\src\main\java\com\moulberry\axiom\Axiom.java:198: error: incompatible types: ShaderManager cannot be converted to PreparableReloadListener
        event.registerReloadListener(ShaderManager.INSTANCE);
                                                  ^
  E:\Projects\Axiom-port\axiom-neoforge\src\main\java\com\moulberry\axiom\editor\palette\EditorPalette.java:428: error: incompatible types: Object cannot be converted to String
           for (String key : (List)context.deserialize(
                             ^
  E:\Projects\Axiom-port\axiom-neoforge\src\main\java\com\moulberry\axiom\collections\Position2ObjectMap.java:73: error: incompatible types: Object[] cannot be converted to T[]
           consumer.accept(cx, cy, cz, (Object[])entry.getValue());
                                       ^
    where T is a type-variable:
      T extends Object declared in class Position2ObjectMap
  E:\Projects\Axiom-port\axiom-neoforge\src\main\java\com\moulberry\axiom\blueprint\BlueprintIo.java:356: error: incompatible types: Object cannot be converted to Tag
           Tag encoded = VersionUtils.getOrThrow(blockStateCodec.encodeStart(NbtOps.INSTANCE, container));
                                                ^
  E:\Projects\Axiom-port\axiom-neoforge\src\main\java\com\moulberry\axiom\blueprint\BlueprintIo.java:412: error: incompatible types: @org.jetbrains.annotations.NotNull NativeImage cannot be converted to NativeImageExt
        byte[] var14 = ((NativeImageExt)thumbnail).axiom$asByteArray();
                                        ^
  E:\Projects\Axiom-port\axiom-neoforge\src\main\java\com\moulberry\axiom\world_modification\BlockBuffer.java:151: error: incompatible types: Object cannot be converted to CompoundTag
           CompoundTag encoded = VersionUtils.getOrThrow(codec.encodeStart(NbtOps.INSTANCE, (PalettedContainer)entry.getValue()));
                                                        ^
  E:\Projects\Axiom-port\axiom-neoforge\src\main\java\com\moulberry\axiom\custom_blocks\CustomBlockImplementation.java:122: error: incompatible types: ImmutableList<CustomBlockStateImplementation> cannot be converted to List<CustomBlockState>
        return this.stateDefinition.getPossibleStates();
                                                     ^
  E:\Projects\Axiom-port\axiom-neoforge\src\main\java\com\moulberry\axiom\custom_blocks\ServerCustomBlocks.java:251: error: incompatible types: Enum cannot be converted to Direction
                 directionalProperties.put((Enum)value, property);
                                           ^
  E:\Projects\Axiom-port\axiom-neoforge\src\main\java\com\moulberry\axiom\custom_blocks\ServerCustomBlocks.java:345: error: incompatible types: Comparable<CAP#1> cannot be converted to T
        stringBuilder.append(property.getName(comparable));
                                              ^
    where T is a type-variable:
      T extends Comparable<T> declared in method <T>appendProperty(StringBuilder,Property<T>,Comparable<?>)
    where CAP#1 is a fresh type-variable:
      CAP#1 extends Object from capture of ?
  E:\Projects\Axiom-port\axiom-neoforge\src\main\java\com\moulberry\axiom\editor\EditorUI.java:1639: error: incompatible types: Window cannot be converted to WindowExt
           ((WindowExt)window).axiom$resizeFramebuffer(window.getWindow(), width[0], height[0]);
                       ^
  E:\Projects\Axiom-port\axiom-neoforge\src\main\java\com\moulberry\axiom\editor\EditorUI.java:1644: error: incompatible types: Window cannot be converted to WindowExt
           ((WindowExt)window).axiom$resize(window.getWindow(), width[0], height[0]);
                       ^
  E:\Projects\Axiom-port\axiom-neoforge\src\main\java\com\moulberry\axiom\editor\windows\save_world\SaveSchematicAction.java:94: error: incompatible types: HashMap<Object,Object> cannot be converted to Map<String,String>
     private static final Map<String, String> REVERSE_BLOCK_ENTITY_ID_FIX_MAP = (Map<String, String>)DataFixUtils.make(Maps.newHashMap(), hashMap -> {
                                                                                                                      ^
  E:\Projects\Axiom-port\axiom-neoforge\src\main\java\com\moulberry\axiom\packets\AxiomClientboundCustomBlocks.java:106: error: incompatible types: Object cannot be converted to Enum<?>
                       for (Enum<?> possibleValue : possibleValues) {
                                                    ^
  E:\Projects\Axiom-port\axiom-neoforge\src\main\java\com\moulberry\axiom\screen\CreateDisplayEntityScreen.java:239: error: incompatible types: Builder<Object> cannot be converted to Builder<ItemDisplayContext>
           .withInitialValue(this.itemDisplayContext);
                            ^
  E:\Projects\Axiom-port\axiom-neoforge\src\main\java\com\moulberry\axiom\screen\CreateDisplayEntityScreen.java:323: error: incompatible types: Comparable<CAP#1> cannot be converted to String
              Builder<String> cycleButton = CycleButton.builder(CreateDisplayEntityScreen::stringToComponent).withInitialValue(propertyValue);
                                                                                                                               ^
    where CAP#1 is a fresh type-variable:
      CAP#1 extends Object from capture of ?
  E:\Projects\Axiom-port\axiom-neoforge\src\main\java\com\moulberry\axiom\screen\CreateDisplayEntityScreen.java:354: error: incompatible types: Comparable<CAP#1> cannot be converted to Boolean
              Builder<Boolean> cycleButton = CycleButton.builder(CreateDisplayEntityScreen::booleanToComponent).withInitialValue(propertyValue);
                                                                                                                                 ^
    where CAP#1 is a fresh type-variable:
      CAP#1 extends Object from capture of ?
  E:\Projects\Axiom-port\axiom-neoforge\src\main\java\com\moulberry\axiom\screen\EditDisplayEntityScreen.java:172: error: incompatible types: Builder<StringRepresentable> cannot be converted to Builder<GizmoMode>
           .withInitialValue(DisplayEntityManipulator.gizmoMode);
                            ^
  E:\Projects\Axiom-port\axiom-neoforge\src\main\java\com\moulberry\axiom\tools\slope\SlopeTool.java:296: error: incompatible types: int[] cannot be converted to int
                    Rasterization3D.ddaSkipFrom(this.lastPosition, newPosition, (x, y, zx) -> this.apply(level, radius, height, mutableBlockPos, x, y, zx));
                                                                                                                ^
  E:\Projects\Axiom-port\axiom-neoforge\src\main\java\com\moulberry\axiom\utils\RegionHelper.java:673: error: incompatible types: Object cannot be converted to NbtTarget
                       for (RegionHelper.NbtTarget target : (List)element.getValue()) {
                                                            ^E:\Projects\Axiom-port\axiom-neoforge\src\main\java\com\moulberry\axiom\neoforge\AxiomClientBusEvents.java:15: warning: [removal] bus() in EventBusSubscriber has been deprecated and marked for removal
  @EventBusSubscriber(modid = AxiomNeoForge.MOD_ID, value = Dist.CLIENT, bus = EventBusSubscriber.Bus.MOD)
                                                                         ^
  E:\Projects\Axiom-port\axiom-neoforge\src\main\java\com\moulberry\axiom\neoforge\AxiomClientBusEvents.java:15: warning: [removal] Bus in EventBusSubscriber has been deprecated and marked for removal
  @EventBusSubscriber(modid = AxiomNeoForge.MOD_ID, value = Dist.CLIENT, bus = EventBusSubscriber.Bus.MOD)
                                                                                                 ^E:\Projects\Axiom-port\axiom-neoforge\src\main\java\com\moulberry\axiom\mask\DummyFunctionDictionary.java:12: error: cannot find symbol
        return super.hasFunction(functionName);
                    ^
    symbol: method hasFunction(String)Note: Some messages have been simplified; recompile with -Xdiags:verbose to get full outputE:\Projects\Axiom-port\axiom-neoforge\src\main\java\com\moulberry\axiom\custom_blocks\CustomBlockStateImplementation.java:46: error: method setValue in class StateHolder<O,S> cannot be applied to given types;
        return (CustomBlockState)this.setValue(property, value);
                                     ^
    required: Property<T#1>,V
    found:    Property<T#2>,Comparable<CAP#1>
    reason: inference variable T#1 has incompatible bounds
      equality constraints: T#2
      lower bounds: V,Comparable<CAP#1>
    where T#1,V,S,T#2,O are type-variables:
      T#1 extends Comparable<T#1> declared in method <T#1,V>setValue(Property<T#1>,V)
      V extends T#1 declared in method <T#1,V>setValue(Property<T#1>,V)
      S extends Object declared in class StateHolder
      T#2 extends Comparable<T#2> declared in method <T#2>setPropertyUnsafe(Property<T#2>,Comparable<?>)
      O extends Object declared in class StateHolder
    where CAP#1 is a fresh type-variable:
      CAP#1 extends Object from capture of ?Note: Recompile with -Xlint:unchecked for details.E:\Projects\Axiom-port\axiom-neoforge\src\main\java\com\moulberry\axiom\blueprint\BlueprintIo.java:379: error: cannot find symbol
                 blockEntitiesTag.add(tagx);
                                 ^
    symbol:   method add(CompoundTag)
    location: variable blockEntitiesTag of type ObjectIterator
  E:\Projects\Axiom-port\axiom-neoforge\src\main\java\com\moulberry\axiom\tools\HeightmapApplier.java:130: error: cannot find symbol
                    int modifiedHeight = newConstrainedHeights.get(x, z);
                                                              ^
    symbol:   method get(int,int)
    location: variable newConstrainedHeights of type ObjectIterator
  E:\Projects\Axiom-port\axiom-neoforge\src\main\java\com\moulberry\axiom\tools\HeightmapApplier.java:135: error: cannot find symbol
                       int height1 = newConstrainedHeights.get(x + 1, z);
                                                          ^
    symbol:   method get(int,int)
    location: variable newConstrainedHeights of type ObjectIterator
  E:\Projects\Axiom-port\axiom-neoforge\src\main\java\com\moulberry\axiom\tools\HeightmapApplier.java:136: error: cannot find symbol
                       int height2 = newConstrainedHeights.get(x - 1, z);
                                                          ^
    symbol:   method get(int,int)
    location: variable newConstrainedHeights of type ObjectIterator
  E:\Projects\Axiom-port\axiom-neoforge\src\main\java\com\moulberry\axiom\tools\HeightmapApplier.java:137: error: cannot find symbol
                       int height3 = newConstrainedHeights.get(x, z + 1);
                                                          ^
    symbol:   method get(int,int)
    location: variable newConstrainedHeights of type ObjectIterator
  E:\Projects\Axiom-port\axiom-neoforge\src\main\java\com\moulberry\axiom\tools\HeightmapApplier.java:138: error: cannot find symbol
                       int height4 = newConstrainedHeights.get(x, z - 1);
                                                          ^
    symbol:   method get(int,int)
    location: variable newConstrainedHeights of type ObjectIterator
  E:\Projects\Axiom-port\axiom-neoforge\src\main\java\com\moulberry\axiom\tools\HeightmapApplier.java:150: error: cannot find symbol
                          newConstrainedHeights.put(x, z, constrainedHeight);
                                               ^
    symbol:   method put(int,int,int)
    location: variable newConstrainedHeights of type ObjectIteratorNote: Some input files use or override a deprecated API.E:\Projects\Axiom-port\axiom-neoforge\src\main\java\com\moulberry\axiom\gizmo\Gizmo.java:434: error: variable planeConstant is already defined in method update(long,Vec3,boolean,boolean,boolean)
                       double planeConstant = vector3dx.x * targetPositionD.x + vector3dx.y * targetPositionD.y + vector3dx.z * targetPositionD.z;
                              ^
  E:\Projects\Axiom-port\axiom-neoforge\src\main\java\com\moulberry\axiom\gizmo\Gizmo.java:447: error: variable planeConstant is already defined in method update(long,Vec3,boolean,boolean,boolean)
                       double planeConstant = vector3d.x * targetPositionD.x + vector3d.y * targetPositionD.y + vector3d.z * targetPositionD.z;
                              ^
  E:\Projects\Axiom-port\axiom-neoforge\src\main\java\com\moulberry\axiom\gizmo\Gizmo.java:540: error: variable planeConstant is already defined in method update(long,Vec3,boolean,boolean,boolean)
                       double planeConstant = vector3dxxxx.x * targetPositionD.x + vector3dxxxx.y * targetPositionD.y + vector3dxxxx.z * targetPositionD.z;
                              ^
  E:\Projects\Axiom-port\axiom-neoforge\src\main\java\com\moulberry\axiom\gizmo\Gizmo.java:592: error: variable planeConstant is already defined in method update(long,Vec3,boolean,boolean,boolean)
                       double planeConstant = vector3dxxx.x * targetPositionD.x + vector3dxxx.y * targetPositionD.y + vector3dxxx.z * targetPositionD.z;
                              ^
  E:\Projects\Axiom-port\axiom-neoforge\src\main\java\com\moulberry\axiom\mask\antlr\MaskParser.java:370: error: variable _la is already defined in method maskElement(int)
                 int _la = this._input.LA(1);
                     ^
  E:\Projects\Axiom-port\axiom-neoforge\src\main\java\com\moulberry\axiom\mask\antlr\MaskParser.java:392: error: variable _la is already defined in method maskElement(int)
                 int _la = this._input.LA(1);
                     ^
  E:\Projects\Axiom-port\axiom-neoforge\src\main\java\com\moulberry\axiom\mask\antlr\MaskParser.java:457: error: variable _la is already defined in method maskElement(int)
                       int _la = this._input.LA(1);
                           ^
  E:\Projects\Axiom-port\axiom-neoforge\src\main\java\com\moulberry\axiom\mask\antlr\MaskParser.java:1021: error: variable _la is already defined in method numeric(int)
                       int _la = this._input.LA(1);
                           ^
  E:\Projects\Axiom-port\axiom-neoforge\src\main\java\com\moulberry\axiom\mask\VisualCodeConverter.java:249: error: variable diff is already defined in method toVisualCode(MaskElement)
                    int diff = 90 - angle;
                        ^
  E:\Projects\Axiom-port\axiom-neoforge\src\main\java\com\moulberry\axiom\tools\annotation\AnnotationTool.java:673: error: variable middle is already defined in method handleDrawFromTo(Vec3i,Vec3i,Vec3i,Axis,Axis)
                       Vector2i middle = Rasterization2D.bresenhamReturn(from2dx, to2dx, (x, z) -> x % 16 != 0 && z % 16 != 0 ? null : new Vector2i(x, z));
                                ^
  E:\Projects\Axiom-port\axiom-neoforge\src\main\java\com\moulberry\axiom\tools\annotation\AnnotationTool.java:678: error: variable axis is already defined in method handleDrawFromTo(Vec3i,Vec3i,Vec3i,Axis,Axis)
                       Axis axis = leftQuantizedCloserToEdge(middle.x, middle.y) ? Axis.X : Axis.Z;
                            ^
  E:\Projects\Axiom-port\axiom-neoforge\src\main\java\com\moulberry\axiom\tools\annotation\AnnotationTool.java:692: error: variable middle is already defined in method handleDrawFromTo(Vec3i,Vec3i,Vec3i,Axis,Axis)
                       Vector2i middle = Rasterization2D.bresenhamReturn(from2d, to2d, (x, y) -> x % 16 != 0 && y % 16 != 0 ? null : new Vector2i(x, y));
                                ^
  E:\Projects\Axiom-port\axiom-neoforge\src\main\java\com\moulberry\axiom\tools\annotation\AnnotationTool.java:697: error: variable axis is already defined in method handleDrawFromTo(Vec3i,Vec3i,Vec3i,Axis,Axis)
                       Axis axis = leftQuantizedCloserToEdge(middle.x, middle.y) ? Axis.X : Axis.Y;
                            ^
  E:\Projects\Axiom-port\axiom-neoforge\src\main\java\com\moulberry\axiom\tools\painter\PainterTool.java:517: error: variable mutableBlockPos is already defined in method createToolPather(BrushShape)
              MutableBlockPos mutableBlockPos = new MutableBlockPos();
                              ^
  E:\Projects\Axiom-port\axiom-neoforge\src\main\java\com\moulberry\axiom\tools\script_brush\ScriptArgument.java:64: error: variable name is already defined in method parse(String,String)
                 String name = "Boolean";
                        ^
  E:\Projects\Axiom-port\axiom-neoforge\src\main\java\com\moulberry\axiom\tools\script_brush\ScriptArgument.java:79: error: variable name is already defined in method parse(String,String)
                 String name = "Float";
                        ^
  E:\Projects\Axiom-port\axiom-neoforge\src\main\java\com\moulberry\axiom\tools\script_brush\ScriptArgument.java:80: error: variable defaultValue is already defined in method parse(String,String)
                 float defaultValue = 0.5F;
                       ^
  E:\Projects\Axiom-port\axiom-neoforge\src\main\java\com\moulberry\axiom\tools\script_brush\ScriptArgument.java:119: error: variable name is already defined in method parse(String,String)
                 String name = "Integer";
                        ^
  E:\Projects\Axiom-port\axiom-neoforge\src\main\java\com\moulberry\axiom\tools\script_brush\ScriptArgument.java:120: error: variable defaultValue is already defined in method parse(String,String)
                 int defaultValue = 0;
                     ^
  E:\Projects\Axiom-port\axiom-neoforge\src\main\java\com\moulberry\axiom\tools\script_brush\ScriptArgument.java:154: error: variable scriptArgument is already defined in method parse(String,String)
                 ScriptArgument scriptArgument = new ScriptArgument(name, ScriptArgument.Type.INT, defaultValue);
                                ^
  119 errors
  2 warnings

* Try:
> Check your code and dependencies to fix the compilation error(s)
> Run with --scan to get full insights.

BUILD FAILED in 13s
2 actionable tasks: 1 executed, 1 up-to-date
