[14čžė.2026 17:12:55.666] [main/INFO] [cpw.mods.modlauncher.Launcher/MODLAUNCHER]: ModLauncher running: args [--launchTarget, forgeclientdev, --version, 21.1.220, --assetIndex, 17, --assetsDir, C:\\Users\\Axel\\.gradle\\caches\\neoformruntime\\assets, --gameDir, ., --fml.fmlVersion, 4.0.42, --fml.mcVersion, 1.21.1, --fml.neoForgeVersion, 21.1.220, --fml.neoFormVersion, 20240808.144430]
[14čžė.2026 17:12:55.677] [main/INFO] [cpw.mods.modlauncher.Launcher/MODLAUNCHER]: JVM identified as Eclipse Adoptium OpenJDK 64-Bit Server VM 21.0.11+10-LTS
[14čžė.2026 17:12:55.682] [main/INFO] [cpw.mods.modlauncher.Launcher/MODLAUNCHER]: ModLauncher 11.0.5+main.901c6ea8 starting: java version 21.0.11 by Eclipse Adoptium; OS Windows 11 arch amd64 version 10.0
[14čžė.2026 17:12:55.856] [main/INFO] [Sodium-GraphicsAdapterProbe/]: Searching for graphics cards...
[14čžė.2026 17:12:55.988] [main/INFO] [Sodium-GraphicsAdapterProbe/]: Found graphics adapter: AdapterInfo{vendor=NVIDIA, description='NVIDIA GeForce RTX 3070', adapterType=0x0000031B, openglIcdFilePath='C:\WINDOWS\System32\DriverStore\FileRepository\nv_dispi.inf_amd64_c8bc842500fab35b\nvoglv64.dll', openglIcdVersion=32.0.16.1047}
[14čžė.2026 17:12:55.993] [main/WARN] [Sodium-Workarounds/]: Sodium has applied one or more workarounds to prevent crashes or other issues on your system: [NVIDIA_THREADED_OPTIMIZATIONS_BROKEN]
[14čžė.2026 17:12:55.993] [main/WARN] [Sodium-Workarounds/]: This is not necessarily an issue, but it may result in certain features or optimizations being disabled. You can sometimes fix these issues by upgrading your graphics driver.
[14čžė.2026 17:12:55.994] [main/INFO] [Sodium-NvidiaWorkarounds/]: Modifying process environment to apply workarounds for the NVIDIA graphics driver...
[14čžė.2026 17:12:55.996] [main/INFO] [net.neoforged.fml.loading.ImmediateWindowHandler/]: Loading ImmediateWindowProvider fmlearlywindow
[14čžė.2026 17:12:56.055] [main/INFO] [EARLYDISPLAY/]: Trying GL version 4.6
[14čžė.2026 17:12:56.357] [main/INFO] [EARLYDISPLAY/]: Requested GL version 4.6 got version 4.6
[14čžė.2026 17:12:56.468] [main/INFO] [mixin/]: SpongePowered MIXIN Subsystem Version=0.8.7 Source=union:/C:/Users/Axel/.gradle/caches/modules-2/files-2.1/net.fabricmc/sponge-mixin/0.15.2+mixin.0.8.7/2af2f021d8e02a0220dc27a7a72b4666d66d44ca/sponge-mixin-0.15.2+mixin.0.8.7.jar%23138!/ Service=ModLauncher Env=CLIENT
[14čžė.2026 17:12:56.920] [pool-2-thread-1/INFO] [EARLYDISPLAY/]: GL info: NVIDIA GeForce RTX 3070/PCIe/SSE2 GL version 4.6.0 NVIDIA 610.47, NVIDIA Corporation
[14čžė.2026 17:12:57.210] [main/INFO] [net.neoforged.fml.loading.moddiscovery.locators.JarInJarDependencyLocator/]: Found 2 dependencies adding them to mods collection
[14čžė.2026 17:12:57.214] [main/INFO] [net.neoforged.fml.loading.moddiscovery.ModDiscoverer/]: 
     Mod List:
		Name Version (Mod Id)

		Forgified Fabric API Base 0.4.42+d1308ded19 (fabric_api_base)
		Forgified Fabric BlockView API (v2) 1.0.10+9afaaf8c19 (fabric_block_view_api_v2)
		Forgified Fabric Renderer API (v1) 3.4.1+9125b6dc19 (fabric_renderer_api_v1)
		Forgified Fabric Rendering Data Attachment (v1) 0.3.48+73761d2e19 (fabric_rendering_data_attachment_v1)
		Minecraft 1.21.1 (minecraft)
		NeoForge 21.1.220 (neoforge)
		Parallax 5.4.2 (axiom)
		Sodium 0.8.12+mc1.21.1 (sodium)
[14čžė.2026 17:12:58.810] [main/INFO] [mixin/]: Compatibility level set to JAVA_17
[14čžė.2026 17:12:58.819] [main/INFO] [mixin/]: Compatibility level set to JAVA_21
[14čžė.2026 17:12:58.842] [main/INFO] [cpw.mods.modlauncher.LaunchServiceHandler/MODLAUNCHER]: Launching target 'forgeclientdev' with arguments [--version, 21.1.220, --gameDir, ., --assetsDir, C:\Users\Axel\.gradle\caches\neoformruntime\assets, --assetIndex, 17]
[14čžė.2026 17:12:59.002] [main/INFO] [Sodium/]: Loaded configuration file for Sodium: 45 options available, 0 override(s) found
[14čžė.2026 17:12:59.024] [main/INFO] [axiom/]: Loading Mixin Plugin for Axiom/unknown
[14čžė.2026 17:13:01.488] [main/INFO] [MixinExtras|Service/]: Initializing MixinExtras via com.llamalad7.mixinextras.service.MixinExtrasServiceImpl(version=0.5.0).
[14čžė.2026 17:13:04.472] [Datafixer Bootstrap/INFO] [com.mojang.datafixers.DataFixerBuilder/]: 229 Datafixer optimizations took 557 milliseconds
[14čžė.2026 17:13:11.109] [main/WARN] [net.minecraft.commands.Commands/]: Ambiguity between arguments [teleport, location] and [teleport, destination] with inputs: [0.1 -0.5 .9, 0 0 0]
[14čžė.2026 17:13:11.113] [main/WARN] [net.minecraft.commands.Commands/]: Ambiguity between arguments [teleport, location] and [teleport, targets] with inputs: [0.1 -0.5 .9, 0 0 0]
[14čžė.2026 17:13:11.117] [main/WARN] [net.minecraft.commands.Commands/]: Ambiguity between arguments [teleport, destination] and [teleport, targets] with inputs: [Player, 0123, @e, dd12be42-52a9-4a91-a8a1-11c01849e498]
[14čžė.2026 17:13:11.122] [main/WARN] [net.minecraft.commands.Commands/]: Ambiguity between arguments [teleport, targets] and [teleport, destination] with inputs: [Player, 0123, dd12be42-52a9-4a91-a8a1-11c01849e498]
[14čžė.2026 17:13:11.123] [main/WARN] [net.minecraft.commands.Commands/]: Ambiguity between arguments [teleport, targets, location] and [teleport, targets, destination] with inputs: [0.1 -0.5 .9, 0 0 0]
[14čžė.2026 17:13:11.325] [Render thread/WARN] [net.minecraft.server.packs.VanillaPackResourcesBuilder/]: Assets URL 'union:/E:/Projects/Axiom-port/axiom-neoforge/build/moddev/artifacts/neoforge-21.1.220.jar%23191!/assets/.mcassetsroot' uses unexpected schema
[14čžė.2026 17:13:11.327] [Render thread/WARN] [net.minecraft.server.packs.VanillaPackResourcesBuilder/]: Assets URL 'union:/E:/Projects/Axiom-port/axiom-neoforge/build/moddev/artifacts/neoforge-21.1.220.jar%23191!/data/.mcassetsroot' uses unexpected schema
[14čžė.2026 17:13:11.366] [Render thread/INFO] [com.mojang.authlib.yggdrasil.YggdrasilAuthenticationService/]: Environment: Environment[sessionHost=https://sessionserver.mojang.com, servicesHost=https://api.minecraftservices.com, name=PROD]
[14čžė.2026 17:13:11.380] [Render thread/INFO] [net.minecraft.client.Minecraft/]: Setting user: Dev
[14čžė.2026 17:13:11.532] [Render thread/INFO] [net.minecraft.client.Minecraft/]: Backend library: LWJGL version 3.3.3+5
[14čžė.2026 17:13:11.650] [Render thread/INFO] [com.mojang.blaze3d.platform.Window/]: OpenGL Vendor: NVIDIA Corporation
[14čžė.2026 17:13:11.650] [Render thread/INFO] [com.mojang.blaze3d.platform.Window/]: OpenGL Renderer: NVIDIA GeForce RTX 3070/PCIe/SSE2
[14čžė.2026 17:13:11.650] [Render thread/INFO] [com.mojang.blaze3d.platform.Window/]: OpenGL Version: 4.6.0 NVIDIA 610.47
[14čžė.2026 17:13:11.654] [Render thread/INFO] [Sodium-NvidiaWorkarounds/]: Modifying OpenGL context to apply workarounds for the NVIDIA graphics driver...
[14čžė.2026 17:13:11.655] [Render thread/INFO] [Sodium-NvidiaWorkarounds/]: Enabling GL_DEBUG_OUTPUT_SYNCHRONOUS to force the NVIDIA driver to disable threaded command submission
[14čžė.2026 17:13:12.009] [modloading-worker-0/INFO] [com.moulberry.axiom.neoforge.AxiomNeoForge/]: Initializing Parallax/5.4.2
[14čžė.2026 17:13:12.054] [modloading-worker-0/INFO] [net.neoforged.neoforge.common.NeoForgeMod/NEOFORGE-MOD]: NeoForge mod loading, version 21.1.220, for MC 1.21.1
[14čžė.2026 17:13:13.317] [Render thread/INFO] [net.neoforged.neoforge.gametest.GameTestHooks/]: Enabled Gametest Namespaces: []
[14čžė.2026 17:13:13.539] [Render thread/INFO] [net.minecraft.server.packs.resources.ReloadableResourceManager/]: Reloading ResourceManager: vanilla, mod_resources, mod/sodium, mod/fabric_rendering_data_attachment_v1, mod/fabric_api_base, mod/fabric_renderer_api_v1, mod/neoforge, mod/axiom, mod/fabric_block_view_api_v2
[14čžė.2026 17:13:13.727] [Worker-Main-10/INFO] [net.minecraft.client.gui.font.providers.UnihexProvider/]: Found unifont_all_no_pua-15.1.05.hex, loading
[14čžė.2026 17:13:13.734] [Render thread/INFO] [axiom/]: Initializing Parallax/5.4.2
[14čžė.2026 17:13:13.997] [Worker-Main-7/INFO] [net.minecraft.client.gui.font.providers.UnihexProvider/]: Found unifont_jp_patch-15.1.05.hex, loading
[14čžė.2026 17:13:17.037] [Render thread/WARN] [net.minecraft.client.sounds.SoundEngine/]: Missing sound for event: minecraft:item.goat_horn.play
[14čžė.2026 17:13:17.038] [Render thread/WARN] [net.minecraft.client.sounds.SoundEngine/]: Missing sound for event: minecraft:entity.goat.screaming.horn_break
[14čžė.2026 17:13:17.172] [Render thread/INFO] [com.mojang.blaze3d.audio.Library/]: OpenAL initialized on device OpenAL Soft on Speakers (Realtek(R) Audio)
[14čžė.2026 17:13:17.172] [Render thread/INFO] [net.minecraft.client.sounds.SoundEngine/SOUNDS]: Sound engine started
[14čžė.2026 17:13:17.335] [Render thread/INFO] [net.minecraft.client.renderer.texture.TextureAtlas/]: Created: 1024x512x4 minecraft:textures/atlas/blocks.png-atlas
[14čžė.2026 17:13:17.363] [Render thread/INFO] [net.minecraft.client.renderer.texture.TextureAtlas/]: Created: 256x256x4 minecraft:textures/atlas/signs.png-atlas
[14čžė.2026 17:13:17.364] [Render thread/INFO] [net.minecraft.client.renderer.texture.TextureAtlas/]: Created: 512x512x4 minecraft:textures/atlas/shield_patterns.png-atlas
[14čžė.2026 17:13:17.365] [Render thread/INFO] [net.minecraft.client.renderer.texture.TextureAtlas/]: Created: 512x512x4 minecraft:textures/atlas/banner_patterns.png-atlas
[14čžė.2026 17:13:17.367] [Render thread/INFO] [net.minecraft.client.renderer.texture.TextureAtlas/]: Created: 1024x1024x4 minecraft:textures/atlas/armor_trims.png-atlas
[14čžė.2026 17:13:17.373] [Render thread/INFO] [net.minecraft.client.renderer.texture.TextureAtlas/]: Created: 128x64x4 minecraft:textures/atlas/decorated_pot.png-atlas
[14čžė.2026 17:13:17.374] [Render thread/INFO] [net.minecraft.client.renderer.texture.TextureAtlas/]: Created: 256x256x4 minecraft:textures/atlas/chest.png-atlas
[14čžė.2026 17:13:17.374] [Render thread/INFO] [net.minecraft.client.renderer.texture.TextureAtlas/]: Created: 512x256x4 minecraft:textures/atlas/shulker_boxes.png-atlas
[14čžė.2026 17:13:17.374] [Render thread/INFO] [net.minecraft.client.renderer.texture.TextureAtlas/]: Created: 512x256x4 minecraft:textures/atlas/beds.png-atlas
[14čžė.2026 17:13:17.577] [Render thread/INFO] [net.minecraft.client.renderer.texture.TextureAtlas/]: Created: 512x256x0 minecraft:textures/atlas/particles.png-atlas
[14čžė.2026 17:13:17.580] [Render thread/INFO] [net.minecraft.client.renderer.texture.TextureAtlas/]: Created: 512x256x0 minecraft:textures/atlas/paintings.png-atlas
[14čžė.2026 17:13:17.581] [Render thread/INFO] [net.minecraft.client.renderer.texture.TextureAtlas/]: Created: 256x128x0 minecraft:textures/atlas/mob_effects.png-atlas
[14čžė.2026 17:13:17.581] [Render thread/INFO] [net.minecraft.client.renderer.texture.TextureAtlas/]: Created: 64x64x0 minecraft:textures/atlas/map_decorations.png-atlas
[14čžė.2026 17:13:17.581] [Render thread/INFO] [net.minecraft.client.renderer.texture.TextureAtlas/]: Created: 1024x512x0 minecraft:textures/atlas/gui.png-atlas
[14čžė.2026 17:13:17.603] [Render thread/WARN] [net.minecraft.client.renderer.ShaderInstance/]: Shader rendertype_entity_translucent_emissive could not find sampler named Sampler2 in the specified shader program.
[14čžė.2026 17:13:17.668] [Render thread/INFO] [net.neoforged.neoforge.client.entity.animation.json.AnimationLoader/]: Loaded 0 entity animations
[14čžė.2026 17:13:17.931] [ForkJoinPool.commonPool-worker-2/INFO] [axiom/]: Localization update count: remote=52381, last=52381
[14čžė.2026 17:13:17.931] [ForkJoinPool.commonPool-worker-2/INFO] [axiom/]: Using cached localizations...
[14čžė.2026 17:13:19.694] [Render thread/INFO] [axiom/]: Using DearImGui config: config\axiom\imgui.ini
[14čžė.2026 17:13:19.752] [Render thread/INFO] [net.minecraft.server.packs.resources.ReloadableResourceManager/]: Reloading ResourceManager: axiom_translations, vanilla, mod_resources, mod/sodium, mod/fabric_rendering_data_attachment_v1, mod/fabric_api_base, mod/fabric_renderer_api_v1, mod/neoforge, mod/axiom, mod/fabric_block_view_api_v2
[14čžė.2026 17:13:19.757] [Worker-Main-7/INFO] [net.minecraft.client.gui.font.providers.UnihexProvider/]: Found unifont_all_no_pua-15.1.05.hex, loading
[14čžė.2026 17:13:19.758] [Worker-Main-10/INFO] [net.minecraft.client.gui.font.providers.UnihexProvider/]: Found unifont_jp_patch-15.1.05.hex, loading
[14čžė.2026 17:13:20.906] [Render thread/WARN] [net.minecraft.client.sounds.SoundEngine/]: Missing sound for event: minecraft:item.goat_horn.play
[14čžė.2026 17:13:20.907] [Render thread/WARN] [net.minecraft.client.sounds.SoundEngine/]: Missing sound for event: minecraft:entity.goat.screaming.horn_break
[14čžė.2026 17:13:20.982] [Render thread/INFO] [com.mojang.blaze3d.audio.Library/]: OpenAL initialized on device OpenAL Soft on Speakers (Realtek(R) Audio)
[14čžė.2026 17:13:20.983] [Render thread/INFO] [net.minecraft.client.sounds.SoundEngine/SOUNDS]: Sound engine started
[14čžė.2026 17:13:21.065] [Render thread/INFO] [net.minecraft.client.renderer.texture.TextureAtlas/]: Created: 1024x512x4 minecraft:textures/atlas/blocks.png-atlas
[14čžė.2026 17:13:21.080] [Render thread/INFO] [net.minecraft.client.renderer.texture.TextureAtlas/]: Created: 256x256x4 minecraft:textures/atlas/signs.png-atlas
[14čžė.2026 17:13:21.081] [Render thread/INFO] [net.minecraft.client.renderer.texture.TextureAtlas/]: Created: 512x512x4 minecraft:textures/atlas/shield_patterns.png-atlas
[14čžė.2026 17:13:21.083] [Render thread/INFO] [net.minecraft.client.renderer.texture.TextureAtlas/]: Created: 512x512x4 minecraft:textures/atlas/banner_patterns.png-atlas
[14čžė.2026 17:13:21.084] [Render thread/INFO] [net.minecraft.client.renderer.texture.TextureAtlas/]: Created: 1024x1024x4 minecraft:textures/atlas/armor_trims.png-atlas
[14čžė.2026 17:13:21.091] [Render thread/INFO] [net.minecraft.client.renderer.texture.TextureAtlas/]: Created: 128x64x4 minecraft:textures/atlas/decorated_pot.png-atlas
[14čžė.2026 17:13:21.091] [Render thread/INFO] [net.minecraft.client.renderer.texture.TextureAtlas/]: Created: 256x256x4 minecraft:textures/atlas/chest.png-atlas
[14čžė.2026 17:13:21.091] [Render thread/INFO] [net.minecraft.client.renderer.texture.TextureAtlas/]: Created: 512x256x4 minecraft:textures/atlas/shulker_boxes.png-atlas
[14čžė.2026 17:13:21.092] [Render thread/INFO] [net.minecraft.client.renderer.texture.TextureAtlas/]: Created: 512x256x4 minecraft:textures/atlas/beds.png-atlas
[14čžė.2026 17:13:21.107] [Render thread/INFO] [net.minecraft.client.renderer.texture.TextureAtlas/]: Created: 512x256x0 minecraft:textures/atlas/particles.png-atlas
[14čžė.2026 17:13:21.110] [Render thread/INFO] [net.minecraft.client.renderer.texture.TextureAtlas/]: Created: 512x256x0 minecraft:textures/atlas/paintings.png-atlas
[14čžė.2026 17:13:21.110] [Render thread/INFO] [net.minecraft.client.renderer.texture.TextureAtlas/]: Created: 256x128x0 minecraft:textures/atlas/mob_effects.png-atlas
[14čžė.2026 17:13:21.110] [Render thread/INFO] [net.minecraft.client.renderer.texture.TextureAtlas/]: Created: 64x64x0 minecraft:textures/atlas/map_decorations.png-atlas
[14čžė.2026 17:13:21.112] [Render thread/INFO] [net.minecraft.client.renderer.texture.TextureAtlas/]: Created: 1024x512x0 minecraft:textures/atlas/gui.png-atlas
[14čžė.2026 17:13:21.126] [Render thread/WARN] [net.minecraft.client.renderer.ShaderInstance/]: Shader rendertype_entity_translucent_emissive could not find sampler named Sampler2 in the specified shader program.
[14čžė.2026 17:13:21.162] [Render thread/INFO] [net.neoforged.neoforge.client.entity.animation.json.AnimationLoader/]: Loaded 0 entity animations
[14čžė.2026 17:14:22.662] [Render thread/INFO] [net.minecraft.world.item.crafting.RecipeManager/]: Loaded 1290 recipes
[14čžė.2026 17:14:22.852] [Render thread/INFO] [net.minecraft.advancements.AdvancementTree/]: Loaded 1399 advancements
[14čžė.2026 17:14:23.553] [Server thread/INFO] [net.minecraft.client.server.IntegratedServer/]: Starting integrated minecraft server version 1.21.1
[14čžė.2026 17:14:23.554] [Server thread/INFO] [net.minecraft.server.MinecraftServer/]: Generating keypair
[14čžė.2026 17:14:24.695] [Server thread/INFO] [net.minecraft.server.MinecraftServer/]: Preparing start region for dimension minecraft:overworld
[14čžė.2026 17:14:24.969] [progressListener/INFO] [net.minecraft.server.level.progress.LoggerChunkProgressListener/]: Ļīäćīņīāźą īįėąńņč āīēšīęäåķč˙: 0%
[14čžė.2026 17:14:25.087] [progressListener/INFO] [net.minecraft.server.level.progress.LoggerChunkProgressListener/]: Time elapsed: 389 ms
[14čžė.2026 17:14:25.087] [Server thread/INFO] [net.neoforged.neoforge.server.permission.PermissionAPI/]: Successfully initialized permission handler neoforge:default_handler
[14čžė.2026 17:14:25.171] [Server thread/INFO] [net.minecraft.client.server.IntegratedServer/]: Changing view distance to 12, from 10
[14čžė.2026 17:14:25.171] [Server thread/INFO] [net.minecraft.client.server.IntegratedServer/]: Changing simulation distance to 12, from 0
[14čžė.2026 17:14:26.102] [Server thread/INFO] [net.minecraft.server.players.PlayerList/]: Dev[local:E:a90c3553] logged in with entity id 3 at (123.02480749158049, 128.33206865076636, 62.154375062679875)
[14čžė.2026 17:14:26.207] [Server thread/INFO] [net.minecraft.server.MinecraftServer/]: Dev ļščńīåäčķčėń˙ ź čćšå
[14čžė.2026 17:14:26.360] [Render thread/INFO] [ChunkBuilder/]: Started 6 worker threads
[14čžė.2026 17:14:26.927] [Render thread/INFO] [net.minecraft.advancements.AdvancementTree/]: Loaded 2 advancements
[14čžė.2026 17:14:27.520] [Render thread/INFO] [net.minecraft.client.gui.components.ChatComponent/]: [System] [CHAT] [Parallax] Tip: Access the Parallax config by running /axiomconfig
[14čžė.2026 17:14:27.548] [Server thread/INFO] [net.minecraft.client.server.IntegratedServer/]: Saving and pausing game...
[14čžė.2026 17:14:27.565] [Server thread/INFO] [net.minecraft.server.MinecraftServer/]: Saving chunks for level 'ServerLevel[New World]'/minecraft:overworld
[14čžė.2026 17:14:27.585] [Server thread/INFO] [net.minecraft.server.MinecraftServer/]: Saving chunks for level 'ServerLevel[New World]'/minecraft:the_nether
[14čžė.2026 17:14:27.585] [Server thread/INFO] [net.minecraft.server.MinecraftServer/]: Saving chunks for level 'ServerLevel[New World]'/minecraft:the_end
